/videos/ac3dd1e57ac918235f969cb1428943ca/hls1/main/0.ts

{"Protocol":0,"Id":"ac3dd1e57ac918235f969cb1428943ca","Path":"/media/movies/jellyfish-5-mbps-hd-h264/jellyfish-5-mbps-hd-h264.mkv","EncoderPath":null,"EncoderProtocol":null,"Type":0,"Container":"mkv,webm","Size":18679132,"Name":"jellyfish-5-mbps-hd-h264","IsRemote":false,"ETag":"39889eae951442aa617aa505d6325df2","RunTimeTicks":300300000,"ReadAtNativeFramerate":false,"IgnoreDts":false,"IgnoreIndex":false,"GenPtsInput":false,"SupportsTranscoding":true,"SupportsDirectStream":true,"SupportsDirectPlay":true,"IsInfiniteStream":false,"RequiresOpening":false,"OpenToken":null,"RequiresClosing":false,"LiveStreamId":null,"BufferMs":null,"RequiresLooping":false,"SupportsProbing":true,"VideoType":0,"IsoType":null,"Video3DFormat":null,"MediaStreams":[{"Codec":"h264","CodecTag":null,"Language":"eng","ColorRange":null,"ColorSpace":"bt709","ColorTransfer":"bt709","ColorPrimaries":"bt709","Comment":null,"TimeBase":"1/1000","CodecTimeBase":"317/19001","Title":null,"VideoRange":"SDR","localizedUndefined":null,"localizedDefault":null,"localizedForced":null,"DisplayTitle":"1080p H264 SDR","NalLengthSize":"0","IsInterlaced":false,"IsAVC":false,"ChannelLayout":null,"BitRate":4976125,"BitDepth":8,"RefFrames":1,"PacketLength":null,"Channels":null,"SampleRate":null,"IsDefault":true,"IsForced":false,"Height":1080,"Width":1920,"AverageFrameRate":29.970032,"RealFrameRate":29.970032,"Profile":"High","Type":1,"AspectRatio":"16:9","Index":0,"Score":null,"IsExternal":false,"DeliveryMethod":null,"DeliveryUrl":null,"IsExternalUrl":null,"IsTextSubtitleStream":false,"SupportsExternalStream":false,"Path":null,"PixelFormat":"yuv420p","Level":40,"IsAnamorphic":null}],"MediaAttachments":[],"Formats":[],"Bitrate":4976125,"Timestamp":null,"RequiredHttpHeaders":{},"TranscodingUrl":null,"TranscodingSubProtocol":null,"TranscodingContainer":null,"AnalyzeDurationMs":null,"DefaultAudioStreamIndex":null,"DefaultSubtitleStreamIndex":null}

/usr/lib/jellyfin-ffmpeg/ffmpeg -f matroska,webm -i file:"/media/movies/jellyfish-5-mbps-hd-h264/jellyfish-5-mbps-hd-h264.mkv" -map_metadata -1 -map_chapters -1 -threads 0 -map 0:0 -map -0:a -map -0:s -codec:v:0 avc1 -pix_fmt yuv420p -b:v 4976125 -maxrate 4976125 -bufsize 9952250  -force_key_frames:0 "expr:gte(t,0+n_forced*3)" -g:v:0 90 -keyint_min:v:0 90 -sc_threshold:v:0 0 -vf "scale=trunc(min(max(iw\,ih*dar)\,min(1920\,1080*dar))/2)*2:trunc(min(max(iw/dar\,ih)\,min(1920/dar\,1080))/2)*2" -start_at_zero -vsync -1  -copyts -avoid_negative_ts disabled -max_muxing_queue_size 2048 -f hls -max_delay 5000000 -hls_time 3 -hls_segment_type mpegts -start_number 0 -hls_segment_filename "/config/data/transcodes/94021e553fa2e34b90ae5129dc6af5b7%d.ts" -hls_playlist_type vod -hls_list_size 0 -y "/config/data/transcodes/94021e553fa2e34b90ae5129dc6af5b7.m3u8"


ffmpeg version 4.3.1-Jellyfin Copyright (c) 2000-2020 the FFmpeg developers
  built with gcc 9 (Ubuntu 9.3.0-17ubuntu1~20.04)
  configuration: --prefix=/usr/lib/jellyfin-ffmpeg --target-os=linux --extra-version=Jellyfin --disable-doc --disable-ffplay --disable-shared --disable-libxcb --disable-sdl2 --disable-xlib --enable-gpl --enable-version3 --enable-static --enable-libfontconfig --enable-fontconfig --enable-gmp --enable-gnutls --enable-libass --enable-libbluray --enable-libdrm --enable-libfreetype --enable-libfribidi --enable-libmp3lame --enable-libopus --enable-libtheora --enable-libvorbis --enable-libdav1d --enable-libwebp --enable-libvpx --enable-libx264 --enable-libx265 --enable-libzvbi --enable-libzimg --arch=amd64 --enable-opencl --enable-vaapi --enable-amf --enable-libmfx --enable-vdpau --enable-cuda --enable-cuda-llvm --enable-cuvid --enable-nvenc --enable-nvdec --enable-ffnvcodec
  libavutil      56. 51.100 / 56. 51.100
  libavcodec     58. 91.100 / 58. 91.100
  libavformat    58. 45.100 / 58. 45.100
  libavdevice    58. 10.100 / 58. 10.100
  libavfilter     7. 85.100 /  7. 85.100
  libswscale      5.  7.100 /  5.  7.100
  libswresample   3.  7.100 /  3.  7.100
  libpostproc    55.  7.100 / 55.  7.100
Input #0, matroska,webm, from 'file:/media/movies/jellyfish-5-mbps-hd-h264/jellyfish-5-mbps-hd-h264.mkv':
  Metadata:
    encoder         : libebml v1.2.0 + libmatroska v1.1.0
    creation_time   : 2016-02-06T04:00:51.000000Z
  Duration: 00:00:30.03, start: 0.000000, bitrate: 4976 kb/s
    Stream #0:0(eng): Video: h264 (High), yuv420p(tv, bt709, progressive), 1920x1080 [SAR 1:1 DAR 16:9], 29.97 fps, 29.97 tbr, 1k tbn, 59.94 tbc (default)
Unknown encoder 'avc1'