/videos/01996b62aa9b9f3fa57f3f35a2954a67/hls1/main/6.ts

{"Protocol":0,"Id":"01996b62aa9b9f3fa57f3f35a2954a67","Path":"/media/movies/jellyfish-5-mbps-hd-hevc/jellyfish-5-mbps-hd-hevc.mkv","EncoderPath":null,"EncoderProtocol":null,"Type":0,"Container":"mkv,webm","Size":17793468,"Name":"jellyfish-5-mbps-hd-hevc","IsRemote":false,"ETag":"73322a7ae269ef56301e06f2ada196e5","RunTimeTicks":300969984,"ReadAtNativeFramerate":false,"IgnoreDts":false,"IgnoreIndex":false,"GenPtsInput":false,"SupportsTranscoding":true,"SupportsDirectStream":true,"SupportsDirectPlay":true,"IsInfiniteStream":false,"RequiresOpening":false,"OpenToken":null,"RequiresClosing":false,"LiveStreamId":null,"BufferMs":null,"RequiresLooping":false,"SupportsProbing":true,"VideoType":0,"IsoType":null,"Video3DFormat":null,"MediaStreams":[{"Codec":"hevc","CodecTag":null,"Language":"und","ColorRange":null,"ColorSpace":null,"ColorTransfer":null,"ColorPrimaries":null,"Comment":null,"TimeBase":"1/1000","CodecTimeBase":"100/2997","Title":null,"VideoRange":"SDR","localizedUndefined":null,"localizedDefault":null,"localizedForced":null,"DisplayTitle":"1080p HEVC SDR","NalLengthSize":null,"IsInterlaced":false,"IsAVC":null,"ChannelLayout":null,"BitRate":4729632,"BitDepth":null,"RefFrames":1,"PacketLength":null,"Channels":null,"SampleRate":null,"IsDefault":true,"IsForced":false,"Height":1080,"Width":1920,"AverageFrameRate":29.97,"RealFrameRate":29.97,"Profile":"Main","Type":1,"AspectRatio":"16:9","Index":0,"Score":null,"IsExternal":false,"DeliveryMethod":null,"DeliveryUrl":null,"IsExternalUrl":null,"IsTextSubtitleStream":false,"SupportsExternalStream":false,"Path":null,"PixelFormat":"yuv420p","Level":120,"IsAnamorphic":null}],"MediaAttachments":[],"Formats":[],"Bitrate":4729632,"Timestamp":null,"RequiredHttpHeaders":{},"TranscodingUrl":null,"TranscodingSubProtocol":null,"TranscodingContainer":null,"AnalyzeDurationMs":null,"DefaultAudioStreamIndex":null,"DefaultSubtitleStreamIndex":null}

/usr/lib/jellyfin-ffmpeg/ffmpeg -ss 00:00:18.000 -noaccurate_seek -f matroska,webm -i file:"/media/movies/jellyfish-5-mbps-hd-hevc/jellyfish-5-mbps-hd-hevc.mkv" -map_metadata -1 -map_chapters -1 -threads 0 -map 0:0 -map -0:a -map -0:s -codec:v:0 avc1 -pix_fmt yuv420p -b:v 7882720 -maxrate 7882720 -bufsize 15765440  -force_key_frames:0 "expr:gte(t,18+n_forced*3)" -g:v:0 90 -keyint_min:v:0 90 -sc_threshold:v:0 0 -vf "scale=trunc(min(max(iw\,ih*dar)\,min(1920\,1080*dar))/2)*2:trunc(min(max(iw/dar\,ih)\,min(1920/dar\,1080))/2)*2" -start_at_zero -vsync -1  -copyts -avoid_negative_ts disabled -max_muxing_queue_size 2048 -f hls -max_delay 5000000 -hls_time 3 -hls_segment_type mpegts -start_number 6 -hls_segment_filename "/config/data/transcodes/aaff979e2784263be039d1f773b0bc3b%d.ts" -hls_playlist_type vod -hls_list_size 0 -y "/config/data/transcodes/aaff979e2784263be039d1f773b0bc3b.m3u8"


ffmpeg version 4.3.1-Jellyfin Copyright (c) 2000-2020 the FFmpeg developers
  built with gcc 9 (Ubuntu 9.3.0-17ubuntu1~20.04)
  configuration: --prefix=/usr/lib/jellyfin-ffmpeg --target-os=linux --extra-version=Jellyfin --disable-doc --disable-ffplay --disable-shared --disable-libxcb --disable-sdl2 --disable-xlib --enable-gpl --enable-version3 --enable-static --enable-libfontconfig --enable-fontconfig --enable-gmp --enable-gnutls --enable-libass --enable-libbluray --enable-libdrm --enable-libfreetype --enable-libfribidi --enable-libmp3lame --enable-libopus --enable-libtheora --enable-libvorbis --enable-libdav1d --enable-libwebp --enable-libvpx --enable-libx264 --enable-libx265 --enable-libzvbi --enable-libzimg --arch=amd64 --enable-opencl --enable-vaapi --enable-amf --enable-libmfx --enable-vdpau --enable-cuda --enable-cuda-llvm --enable-cuvid --enable-nvenc --enable-nvdec --enable-ffnvcodec
  libavutil      56. 51.100 / 56. 51.100
  libavcodec     58. 91.100 / 58. 91.100
  libavformat    58. 45.100 / 58. 45.100
  libavdevice    58. 10.100 / 58. 10.100
  libavfilter     7. 85.100 /  7. 85.100
  libswscale      5.  7.100 /  5.  7.100
  libswresample   3.  7.100 /  3.  7.100
  libpostproc    55.  7.100 / 55.  7.100
Input #0, matroska,webm, from 'file:/media/movies/jellyfish-5-mbps-hd-hevc/jellyfish-5-mbps-hd-hevc.mkv':
  Metadata:
    COMPATIBLE_BRANDS: iso4hvc1iso6
    MAJOR_BRAND     : iso4
    MINOR_VERSION   : 1
    ENCODER         : Lavf56.3.100
  Duration: 00:00:30.10, start: 0.067000, bitrate: 4729 kb/s
    Stream #0:0(und): Video: hevc (Main), yuv420p(tv), 1920x1080 [SAR 1:1 DAR 16:9], 29.97 fps, 29.97 tbr, 1k tbn, 29.97 tbc (default)
    Metadata:
      CREATION_TIME   : 2016-02-04 22:13:45
      LANGUAGE        : und
      HANDLER_NAME    : hevc@GPAC0.5.2-DEV-rev565-g71748d7-ab-suite
Unknown encoder 'avc1'