[2021-09-07 00:25:57.963 +02:00] [INF] [2] Main: Received a SIGTERM signal, shutting down
[2021-09-07 00:25:57.965 +02:00] [INF] [2] Emby.Server.Implementations.ApplicationHost: Disposing "CoreAppHost"
[2021-09-07 00:25:57.965 +02:00] [INF] [2] Emby.Server.Implementations.ApplicationHost: Disposing "EmbyTV"
[2021-09-07 00:25:57.966 +02:00] [INF] [2] Emby.Server.Implementations.ApplicationHost: Disposing "EntryPoint"
[2021-09-07 00:25:57.966 +02:00] [INF] [2] Emby.Server.Implementations.ApplicationHost: Disposing "LibraryMonitorStartup"
[2021-09-07 00:25:57.966 +02:00] [INF] [2] Emby.Server.Implementations.ApplicationHost: Disposing "ExternalPortForwarding"
[2021-09-07 00:25:57.967 +02:00] [INF] [2] Emby.Server.Implementations.EntryPoints.ExternalPortForwarding: Stopping NAT discovery
[2021-09-07 00:25:57.969 +02:00] [INF] [2] Emby.Server.Implementations.ApplicationHost: Disposing "LibraryChangedNotifier"
[2021-09-07 00:25:57.969 +02:00] [INF] [2] Emby.Server.Implementations.ApplicationHost: Disposing "RecordingNotifier"
[2021-09-07 00:25:57.970 +02:00] [INF] [2] Emby.Server.Implementations.ApplicationHost: Disposing "UdpServerEntryPoint"
[2021-09-07 00:25:57.971 +02:00] [INF] [2] Emby.Server.Implementations.ApplicationHost: Disposing "UserDataChangeNotifier"
[2021-09-07 00:25:57.971 +02:00] [INF] [2] Emby.Server.Implementations.ApplicationHost: Disposing "DlnaEntryPoint"
[2021-09-07 00:25:57.971 +02:00] [INF] [2] Emby.Dlna.Main.DlnaEntryPoint: Disposing SsdpDevicePublisher
[2021-09-07 00:25:58.075 +02:00] [INF] [2] Emby.Dlna.Main.DlnaEntryPoint: Disposing PlayToManager
[2021-09-07 00:25:58.076 +02:00] [INF] [2] Emby.Dlna.Main.DlnaEntryPoint: Disposing DeviceDiscovery
[2021-09-07 00:25:58.077 +02:00] [INF] [2] Emby.Dlna.Main.DlnaEntryPoint: Disposing SsdpCommunicationsServer
[2021-09-07 00:25:58.077 +02:00] [INF] [2] Emby.Dlna.Main.DlnaEntryPoint: "SsdpCommunicationsServer" disposing _BroadcastListenSocket
[2021-09-07 00:25:58.079 +02:00] [INF] [2] Emby.Dlna.Main.DlnaEntryPoint: "SsdpCommunicationsServer" Disposing 2 sendSockets
[2021-09-07 00:25:58.079 +02:00] [INF] [2] Emby.Dlna.Main.DlnaEntryPoint: "SsdpCommunicationsServer" disposing sendSocket from "0.0.0.0"
[2021-09-07 00:25:58.079 +02:00] [INF] [2] Emby.Dlna.Main.DlnaEntryPoint: "SsdpCommunicationsServer" disposing sendSocket from "172.18.0.2"
[2021-09-07 00:25:58.079 +02:00] [INF] [2] Emby.Server.Implementations.ApplicationHost: Disposing "NotificationEntryPoint"
[2021-09-07 00:25:58.080 +02:00] [INF] [2] Emby.Server.Implementations.ApplicationHost: Disposing "EntryPoint"
[2021-09-07 00:25:58.080 +02:00] [INF] [2] Emby.Server.Implementations.ApplicationHost: Disposing "DeviceAccessEntryPoint"
[2021-09-07 01:35:50.424 +02:00] [INF] [1] Main: Jellyfin version: "10.7.6"
[2021-09-07 01:35:50.443 +02:00] [INF] [1] Main: Environment Variables: ["[JELLYFIN_CACHE_DIR, /config/cache]", "[JELLYFIN_LOG_DIR, /config/log]", "[JELLYFIN_DATA_DIR, /config/data]", "[JELLYFIN_CONFIG_DIR, /config]"]
[2021-09-07 01:35:50.445 +02:00] [INF] [1] Main: Arguments: ["/usr/lib/jellyfin/bin/jellyfin.dll", "--ffmpeg=/usr/lib/jellyfin-ffmpeg/ffmpeg", "--webdir=/usr/share/jellyfin/web"]
[2021-09-07 01:35:50.445 +02:00] [INF] [1] Main: Operating system: "Linux"
[2021-09-07 01:35:50.445 +02:00] [INF] [1] Main: Architecture: X64
[2021-09-07 01:35:50.445 +02:00] [INF] [1] Main: 64-Bit Process: True
[2021-09-07 01:35:50.445 +02:00] [INF] [1] Main: User Interactive: True
[2021-09-07 01:35:50.445 +02:00] [INF] [1] Main: Processor count: 12
[2021-09-07 01:35:50.445 +02:00] [INF] [1] Main: Program data path: "/config/data"
[2021-09-07 01:35:50.446 +02:00] [INF] [1] Main: Web resources path: "/usr/share/jellyfin/web"
[2021-09-07 01:35:50.446 +02:00] [INF] [1] Main: Application directory: "/usr/lib/jellyfin/bin/"
[2021-09-07 01:35:50.596 +02:00] [INF] [1] Emby.Server.Implementations.AppBase.BaseConfigurationManager: Setting cache path: "/config/cache"
[2021-09-07 01:35:50.626 +02:00] [INF] [1] Jellyfin.Networking.Manager.NetworkManager: Defined LAN addresses : "[127.0.0.1/8,10.0.0.0/8,172.16.0.0/12,192.168.0.0/16]"
[2021-09-07 01:35:50.626 +02:00] [INF] [1] Jellyfin.Networking.Manager.NetworkManager: Defined LAN exclusions : "[]"
[2021-09-07 01:35:50.627 +02:00] [INF] [1] Jellyfin.Networking.Manager.NetworkManager: Using LAN addresses: "[127.0.0.1/8,10.0.0.0/8,172.16.0.0/12,192.168.0.0/16]"
[2021-09-07 01:35:50.631 +02:00] [INF] [1] Jellyfin.Networking.Manager.NetworkManager: Using bind addresses: "[]"
[2021-09-07 01:35:50.631 +02:00] [INF] [1] Jellyfin.Networking.Manager.NetworkManager: Using bind exclusions: "[]"
[2021-09-07 01:35:50.646 +02:00] [INF] [1] Emby.Server.Implementations.ApplicationHost: Loading assemblies
[2021-09-07 01:35:51.598 +02:00] [INF] [1] Emby.Server.Implementations.Plugins.PluginManager: Loaded plugin: "OMDb" "10.7.6.0"
[2021-09-07 01:35:51.599 +02:00] [INF] [1] Emby.Server.Implementations.Plugins.PluginManager: Loaded plugin: "MusicBrainz" "10.7.6.0"
[2021-09-07 01:35:51.599 +02:00] [INF] [1] Emby.Server.Implementations.Plugins.PluginManager: Loaded plugin: "AudioDB" "10.7.6.0"
[2021-09-07 01:35:51.646 +02:00] [INF] [1] Main: Kestrel listening on "Any IP4 Address"
[2021-09-07 01:35:51.834 +02:00] [WRN] [1] Microsoft.AspNetCore.DataProtection.Repositories.EphemeralXmlRepository: Using an in-memory repository. Keys will not be persisted to storage.
[2021-09-07 01:35:51.835 +02:00] [WRN] [1] Microsoft.AspNetCore.DataProtection.KeyManagement.XmlKeyManager: Neither user profile nor HKLM registry available. Using an ephemeral key repository. Protected data will be unavailable when application exits.
[2021-09-07 01:35:51.841 +02:00] [WRN] [1] Microsoft.AspNetCore.DataProtection.KeyManagement.XmlKeyManager: No XML encryptor configured. Key {2e2acb73-c9b5-4886-9a44-9fbb241b1d61} may be persisted to storage in unencrypted form.
[2021-09-07 01:35:51.860 +02:00] [INF] [1] Emby.Server.Implementations.ApplicationHost: Running startup tasks
[2021-09-07 01:35:51.880 +02:00] [INF] [1] Emby.Server.Implementations.ScheduledTasks.TaskManager: Daily trigger for "Extract Chapter Images" set to fire at 09/07/2021 02:00, which is 0:24:08.1195234 from now.
[2021-09-07 01:35:51.995 +02:00] [INF] [1] MediaBrowser.MediaEncoding.Encoder.MediaEncoder: Found ffmpeg version "4.3.1"
[2021-09-07 01:35:52.018 +02:00] [INF] [1] MediaBrowser.MediaEncoding.Encoder.MediaEncoder: Available "decoders": ["h264", "h264_qsv", "h264_cuvid", "hevc", "hevc_qsv", "hevc_cuvid", "mpeg2video", "mpeg2_qsv", "mpeg2_cuvid", "mpeg4", "mpeg4_cuvid", "msmpeg4", "vc1_qsv", "vc1_cuvid", "vp8_cuvid", "vp8_qsv", "vp9_cuvid", "vp9_qsv", "aac", "ac3", "flac", "mp3"]
[2021-09-07 01:35:52.026 +02:00] [INF] [1] MediaBrowser.MediaEncoding.Encoder.MediaEncoder: Available "encoders": ["libx264", "h264_amf", "h264_nvenc", "h264_qsv", "h264_v4l2m2m", "h264_vaapi", "libx265", "hevc_amf", "hevc_nvenc", "hevc_qsv", "hevc_vaapi", "mpeg4", "msmpeg4", "libvpx", "libvpx-vp9", "aac", "ac3", "flac", "libmp3lame", "libopus", "libvorbis", "srt"]
[2021-09-07 01:35:52.032 +02:00] [INF] [1] MediaBrowser.MediaEncoding.Encoder.MediaEncoder: Available hwaccel types: ["vdpau", "cuda", "vaapi", "qsv", "drm", "opencl"]
[2021-09-07 01:35:52.032 +02:00] [INF] [1] MediaBrowser.MediaEncoding.Encoder.MediaEncoder: FFmpeg: SetByArgument: "/usr/lib/jellyfin-ffmpeg/ffmpeg"
[2021-09-07 01:35:52.033 +02:00] [INF] [1] Emby.Server.Implementations.ApplicationHost: ServerId: "06ea9338fc5e4786a65ba490615cbbc1"
[2021-09-07 01:35:52.114 +02:00] [INF] [1] Emby.Dlna.Main.DlnaEntryPoint: Registering publisher for "urn:schemas-upnp-org:device:MediaServer:1" on "172.18.0.2/16"
[2021-09-07 01:35:52.124 +02:00] [INF] [1] Emby.Server.Implementations.ApplicationHost: Executed all pre-startup entry points in 0:00:00.0786242
[2021-09-07 01:35:52.124 +02:00] [INF] [1] Emby.Server.Implementations.ApplicationHost: Core startup complete
[2021-09-07 01:35:52.230 +02:00] [INF] [10] Emby.Server.Implementations.IO.LibraryMonitor: Watching directory /media/movies
[2021-09-07 01:35:52.230 +02:00] [INF] [4] Emby.Server.Implementations.IO.LibraryMonitor: Watching directory /media/shows
[2021-09-07 01:35:52.232 +02:00] [INF] [1] Emby.Server.Implementations.ApplicationHost: Executed all post-startup entry points in 0:00:00.1082045
[2021-09-07 01:35:52.232 +02:00] [INF] [1] Main: Startup complete 0:00:01.9125671
[2021-09-07 01:35:54.961 +02:00] [INF] [16] Emby.Server.Implementations.ScheduledTasks.TaskManager: "StartupTrigger" fired for task: "Update Plugins"
[2021-09-07 01:35:54.962 +02:00] [INF] [16] Emby.Server.Implementations.ScheduledTasks.TaskManager: Queuing task "PluginUpdateTask"
[2021-09-07 01:35:54.966 +02:00] [INF] [17] Emby.Server.Implementations.ScheduledTasks.TaskManager: Executing "Update Plugins"
[2021-09-07 01:35:56.438 +02:00] [INF] [18] Emby.Server.Implementations.ScheduledTasks.TaskManager: "Update Plugins" Completed after 0 minute(s) and 1 seconds
[2021-09-07 01:35:56.474 +02:00] [INF] [18] Emby.Server.Implementations.ScheduledTasks.TaskManager: ExecuteQueuedTasks
[2021-09-07 02:00:00.000 +02:00] [INF] [311] Emby.Server.Implementations.ScheduledTasks.TaskManager: "DailyTrigger" fired for task: "Extract Chapter Images"
[2021-09-07 02:00:00.001 +02:00] [INF] [311] Emby.Server.Implementations.ScheduledTasks.TaskManager: Queuing task "ChapterImagesTask"
[2021-09-07 02:00:00.001 +02:00] [INF] [318] Emby.Server.Implementations.ScheduledTasks.TaskManager: Executing "Extract Chapter Images"
[2021-09-07 02:00:00.010 +02:00] [INF] [318] Emby.Server.Implementations.ScheduledTasks.TaskManager: "Extract Chapter Images" Completed after 0 minute(s) and 0 seconds
[2021-09-07 02:00:00.011 +02:00] [INF] [318] Emby.Server.Implementations.ScheduledTasks.TaskManager: ExecuteQueuedTasks
[2021-09-07 02:00:01.001 +02:00] [INF] [308] Emby.Server.Implementations.ScheduledTasks.TaskManager: Daily trigger for "Extract Chapter Images" set to fire at 09/08/2021 02:00, which is 23:59:58.9986955 from now.
[2021-09-07 02:09:22.466 +02:00] [INF] [2] Main: Received a SIGTERM signal, shutting down
[2021-09-07 02:09:22.468 +02:00] [INF] [2] Emby.Server.Implementations.ApplicationHost: Disposing "CoreAppHost"
[2021-09-07 02:09:22.468 +02:00] [INF] [2] Emby.Server.Implementations.ApplicationHost: Disposing "EmbyTV"
[2021-09-07 02:09:22.468 +02:00] [INF] [2] Emby.Server.Implementations.ApplicationHost: Disposing "EntryPoint"
[2021-09-07 02:09:22.468 +02:00] [INF] [2] Emby.Server.Implementations.ApplicationHost: Disposing "LibraryMonitorStartup"
[2021-09-07 02:09:22.468 +02:00] [INF] [2] Emby.Server.Implementations.ApplicationHost: Disposing "ExternalPortForwarding"
[2021-09-07 02:09:22.469 +02:00] [INF] [2] Emby.Server.Implementations.EntryPoints.ExternalPortForwarding: Stopping NAT discovery
[2021-09-07 02:09:22.470 +02:00] [INF] [2] Emby.Server.Implementations.ApplicationHost: Disposing "LibraryChangedNotifier"
[2021-09-07 02:09:22.471 +02:00] [INF] [2] Emby.Server.Implementations.ApplicationHost: Disposing "RecordingNotifier"
[2021-09-07 02:09:22.472 +02:00] [INF] [2] Emby.Server.Implementations.ApplicationHost: Disposing "UdpServerEntryPoint"
[2021-09-07 02:09:22.473 +02:00] [INF] [2] Emby.Server.Implementations.ApplicationHost: Disposing "UserDataChangeNotifier"
[2021-09-07 02:09:22.473 +02:00] [INF] [2] Emby.Server.Implementations.ApplicationHost: Disposing "DlnaEntryPoint"
[2021-09-07 02:09:22.473 +02:00] [INF] [2] Emby.Dlna.Main.DlnaEntryPoint: Disposing SsdpDevicePublisher
[2021-09-07 02:09:22.577 +02:00] [INF] [2] Emby.Dlna.Main.DlnaEntryPoint: Disposing PlayToManager
[2021-09-07 02:09:22.578 +02:00] [INF] [2] Emby.Dlna.Main.DlnaEntryPoint: Disposing DeviceDiscovery
[2021-09-07 02:09:22.578 +02:00] [INF] [2] Emby.Dlna.Main.DlnaEntryPoint: Disposing SsdpCommunicationsServer
[2021-09-07 02:09:22.579 +02:00] [INF] [2] Emby.Dlna.Main.DlnaEntryPoint: "SsdpCommunicationsServer" disposing _BroadcastListenSocket
[2021-09-07 02:09:22.580 +02:00] [INF] [2] Emby.Dlna.Main.DlnaEntryPoint: "SsdpCommunicationsServer" Disposing 2 sendSockets
[2021-09-07 02:09:22.580 +02:00] [INF] [2] Emby.Dlna.Main.DlnaEntryPoint: "SsdpCommunicationsServer" disposing sendSocket from "0.0.0.0"
[2021-09-07 02:09:22.580 +02:00] [INF] [2] Emby.Dlna.Main.DlnaEntryPoint: "SsdpCommunicationsServer" disposing sendSocket from "172.18.0.2"
[2021-09-07 02:09:22.580 +02:00] [INF] [2] Emby.Server.Implementations.ApplicationHost: Disposing "NotificationEntryPoint"
[2021-09-07 02:09:22.580 +02:00] [INF] [2] Emby.Server.Implementations.ApplicationHost: Disposing "EntryPoint"
[2021-09-07 02:09:22.581 +02:00] [INF] [2] Emby.Server.Implementations.ApplicationHost: Disposing "DeviceAccessEntryPoint"
[2021-09-07 23:54:35.946 +02:00] [INF] [1] Main: Jellyfin version: "10.7.6"
[2021-09-07 23:54:35.965 +02:00] [INF] [1] Main: Environment Variables: ["[JELLYFIN_CONFIG_DIR, /config]", "[JELLYFIN_LOG_DIR, /config/log]", "[JELLYFIN_CACHE_DIR, /config/cache]", "[JELLYFIN_DATA_DIR, /config/data]"]
[2021-09-07 23:54:35.966 +02:00] [INF] [1] Main: Arguments: ["/usr/lib/jellyfin/bin/jellyfin.dll", "--ffmpeg=/usr/lib/jellyfin-ffmpeg/ffmpeg", "--webdir=/usr/share/jellyfin/web"]
[2021-09-07 23:54:35.967 +02:00] [INF] [1] Main: Operating system: "Linux"
[2021-09-07 23:54:35.967 +02:00] [INF] [1] Main: Architecture: X64
[2021-09-07 23:54:35.967 +02:00] [INF] [1] Main: 64-Bit Process: True
[2021-09-07 23:54:35.967 +02:00] [INF] [1] Main: User Interactive: True
[2021-09-07 23:54:35.967 +02:00] [INF] [1] Main: Processor count: 12
[2021-09-07 23:54:35.967 +02:00] [INF] [1] Main: Program data path: "/config/data"
[2021-09-07 23:54:35.967 +02:00] [INF] [1] Main: Web resources path: "/usr/share/jellyfin/web"
[2021-09-07 23:54:35.967 +02:00] [INF] [1] Main: Application directory: "/usr/lib/jellyfin/bin/"
[2021-09-07 23:54:36.115 +02:00] [INF] [1] Emby.Server.Implementations.AppBase.BaseConfigurationManager: Setting cache path: "/config/cache"
[2021-09-07 23:54:36.145 +02:00] [INF] [1] Jellyfin.Networking.Manager.NetworkManager: Defined LAN addresses : "[127.0.0.1/8,10.0.0.0/8,172.16.0.0/12,192.168.0.0/16]"
[2021-09-07 23:54:36.145 +02:00] [INF] [1] Jellyfin.Networking.Manager.NetworkManager: Defined LAN exclusions : "[]"
[2021-09-07 23:54:36.145 +02:00] [INF] [1] Jellyfin.Networking.Manager.NetworkManager: Using LAN addresses: "[127.0.0.1/8,10.0.0.0/8,172.16.0.0/12,192.168.0.0/16]"
[2021-09-07 23:54:36.150 +02:00] [INF] [1] Jellyfin.Networking.Manager.NetworkManager: Using bind addresses: "[]"
[2021-09-07 23:54:36.150 +02:00] [INF] [1] Jellyfin.Networking.Manager.NetworkManager: Using bind exclusions: "[]"
[2021-09-07 23:54:36.165 +02:00] [INF] [1] Emby.Server.Implementations.ApplicationHost: Loading assemblies
[2021-09-07 23:54:37.101 +02:00] [INF] [1] Emby.Server.Implementations.Plugins.PluginManager: Loaded plugin: "OMDb" "10.7.6.0"
[2021-09-07 23:54:37.101 +02:00] [INF] [1] Emby.Server.Implementations.Plugins.PluginManager: Loaded plugin: "MusicBrainz" "10.7.6.0"
[2021-09-07 23:54:37.101 +02:00] [INF] [1] Emby.Server.Implementations.Plugins.PluginManager: Loaded plugin: "AudioDB" "10.7.6.0"
[2021-09-07 23:54:37.147 +02:00] [INF] [1] Main: Kestrel listening on "Any IP4 Address"
[2021-09-07 23:54:37.331 +02:00] [WRN] [1] Microsoft.AspNetCore.DataProtection.Repositories.EphemeralXmlRepository: Using an in-memory repository. Keys will not be persisted to storage.
[2021-09-07 23:54:37.331 +02:00] [WRN] [1] Microsoft.AspNetCore.DataProtection.KeyManagement.XmlKeyManager: Neither user profile nor HKLM registry available. Using an ephemeral key repository. Protected data will be unavailable when application exits.
[2021-09-07 23:54:37.337 +02:00] [WRN] [1] Microsoft.AspNetCore.DataProtection.KeyManagement.XmlKeyManager: No XML encryptor configured. Key {8ac21db6-ffe0-44f3-a9d6-f799500b3fd8} may be persisted to storage in unencrypted form.
[2021-09-07 23:54:37.355 +02:00] [INF] [1] Emby.Server.Implementations.ApplicationHost: Running startup tasks
[2021-09-07 23:54:37.395 +02:00] [INF] [1] Emby.Server.Implementations.ScheduledTasks.TaskManager: Daily trigger for "Extract Chapter Images" set to fire at 09/08/2021 02:00, which is 2:05:22.6046155 from now.
[2021-09-07 23:54:37.488 +02:00] [INF] [1] MediaBrowser.MediaEncoding.Encoder.MediaEncoder: Found ffmpeg version "4.3.1"
[2021-09-07 23:54:37.510 +02:00] [INF] [1] MediaBrowser.MediaEncoding.Encoder.MediaEncoder: Available "decoders": ["h264", "h264_qsv", "h264_cuvid", "hevc", "hevc_qsv", "hevc_cuvid", "mpeg2video", "mpeg2_qsv", "mpeg2_cuvid", "mpeg4", "mpeg4_cuvid", "msmpeg4", "vc1_qsv", "vc1_cuvid", "vp8_cuvid", "vp8_qsv", "vp9_cuvid", "vp9_qsv", "aac", "ac3", "flac", "mp3"]
[2021-09-07 23:54:37.517 +02:00] [INF] [1] MediaBrowser.MediaEncoding.Encoder.MediaEncoder: Available "encoders": ["libx264", "h264_amf", "h264_nvenc", "h264_qsv", "h264_v4l2m2m", "h264_vaapi", "libx265", "hevc_amf", "hevc_nvenc", "hevc_qsv", "hevc_vaapi", "mpeg4", "msmpeg4", "libvpx", "libvpx-vp9", "aac", "ac3", "flac", "libmp3lame", "libopus", "libvorbis", "srt"]
[2021-09-07 23:54:37.524 +02:00] [INF] [1] MediaBrowser.MediaEncoding.Encoder.MediaEncoder: Available hwaccel types: ["vdpau", "cuda", "vaapi", "qsv", "drm", "opencl"]
[2021-09-07 23:54:37.524 +02:00] [INF] [1] MediaBrowser.MediaEncoding.Encoder.MediaEncoder: FFmpeg: SetByArgument: "/usr/lib/jellyfin-ffmpeg/ffmpeg"
[2021-09-07 23:54:37.525 +02:00] [INF] [1] Emby.Server.Implementations.ApplicationHost: ServerId: "06ea9338fc5e4786a65ba490615cbbc1"
[2021-09-07 23:54:37.603 +02:00] [INF] [1] Emby.Dlna.Main.DlnaEntryPoint: Registering publisher for "urn:schemas-upnp-org:device:MediaServer:1" on "172.18.0.2/16"
[2021-09-07 23:54:37.614 +02:00] [INF] [1] Emby.Server.Implementations.ApplicationHost: Executed all pre-startup entry points in 0:00:00.0771689
[2021-09-07 23:54:37.614 +02:00] [INF] [1] Emby.Server.Implementations.ApplicationHost: Core startup complete
[2021-09-07 23:54:37.719 +02:00] [INF] [15] Emby.Server.Implementations.IO.LibraryMonitor: Watching directory /media/shows
[2021-09-07 23:54:37.719 +02:00] [INF] [17] Emby.Server.Implementations.IO.LibraryMonitor: Watching directory /media/movies
[2021-09-07 23:54:37.722 +02:00] [INF] [1] Emby.Server.Implementations.ApplicationHost: Executed all post-startup entry points in 0:00:00.1077812
[2021-09-07 23:54:37.722 +02:00] [INF] [1] Main: Startup complete 0:00:01.8793829
[2021-09-07 23:54:39.228 +02:00] [INF] [15] Emby.Server.Implementations.ScheduledTasks.TaskManager: "StartupTrigger" fired for task: "Update Plugins"
[2021-09-07 23:54:39.229 +02:00] [INF] [15] Emby.Server.Implementations.ScheduledTasks.TaskManager: Queuing task "PluginUpdateTask"
[2021-09-07 23:54:39.232 +02:00] [INF] [18] Emby.Server.Implementations.ScheduledTasks.TaskManager: Executing "Update Plugins"
[2021-09-07 23:54:40.204 +02:00] [INF] [15] Emby.Server.Implementations.ScheduledTasks.TaskManager: "Update Plugins" Completed after 0 minute(s) and 0 seconds
[2021-09-07 23:54:40.240 +02:00] [INF] [15] Emby.Server.Implementations.ScheduledTasks.TaskManager: ExecuteQueuedTasks
[2021-09-07 23:55:36.227 +02:00] [INF] [27] Emby.Server.Implementations.ScheduledTasks.TaskManager: "IntervalTrigger" fired for task: "Scan Media Library"
[2021-09-07 23:55:36.228 +02:00] [INF] [27] Emby.Server.Implementations.ScheduledTasks.TaskManager: Queuing task "RefreshMediaLibraryTask"
[2021-09-07 23:55:36.228 +02:00] [INF] [27] Emby.Server.Implementations.ScheduledTasks.TaskManager: Executing "Scan Media Library"
[2021-09-07 23:55:36.230 +02:00] [INF] [27] Emby.Server.Implementations.IO.LibraryMonitor: Stopping directory watching for path "/media/movies"
[2021-09-07 23:55:36.230 +02:00] [INF] [27] Emby.Server.Implementations.IO.LibraryMonitor: Stopping directory watching for path "/media/shows"
[2021-09-07 23:55:36.231 +02:00] [INF] [27] Emby.Server.Implementations.Library.LibraryManager: Validating media library
[2021-09-07 23:55:36.390 +02:00] [INF] [31] Emby.Server.Implementations.ScheduledTasks.TaskManager: "Scan Media Library" Completed after 0 minute(s) and 0 seconds
[2021-09-07 23:55:36.390 +02:00] [INF] [28] Emby.Server.Implementations.IO.LibraryMonitor: Watching directory /media/shows
[2021-09-07 23:55:36.390 +02:00] [INF] [31] Emby.Server.Implementations.ScheduledTasks.TaskManager: ExecuteQueuedTasks
[2021-09-07 23:55:36.390 +02:00] [INF] [29] Emby.Server.Implementations.IO.LibraryMonitor: Watching directory /media/movies
