[2021-09-08 00:24:19.790 +02:00] [INF] [2] Main: Received a SIGTERM signal, shutting down
[2021-09-08 00:24:19.791 +02:00] [INF] [2] Emby.Server.Implementations.ApplicationHost: Disposing "CoreAppHost"
[2021-09-08 00:24:19.791 +02:00] [INF] [2] Emby.Server.Implementations.ApplicationHost: Disposing "EmbyTV"
[2021-09-08 00:24:19.792 +02:00] [INF] [2] Emby.Server.Implementations.ApplicationHost: Disposing "EntryPoint"
[2021-09-08 00:24:19.792 +02:00] [INF] [2] Emby.Server.Implementations.ApplicationHost: Disposing "LibraryMonitorStartup"
[2021-09-08 00:24:19.792 +02:00] [INF] [2] Emby.Server.Implementations.ApplicationHost: Disposing "ExternalPortForwarding"
[2021-09-08 00:24:19.792 +02:00] [INF] [2] Emby.Server.Implementations.EntryPoints.ExternalPortForwarding: Stopping NAT discovery
[2021-09-08 00:24:19.794 +02:00] [INF] [2] Emby.Server.Implementations.ApplicationHost: Disposing "LibraryChangedNotifier"
[2021-09-08 00:24:19.795 +02:00] [INF] [2] Emby.Server.Implementations.ApplicationHost: Disposing "RecordingNotifier"
[2021-09-08 00:24:19.795 +02:00] [INF] [2] Emby.Server.Implementations.ApplicationHost: Disposing "UdpServerEntryPoint"
[2021-09-08 00:24:19.796 +02:00] [INF] [2] Emby.Server.Implementations.ApplicationHost: Disposing "UserDataChangeNotifier"
[2021-09-08 00:24:19.796 +02:00] [INF] [2] Emby.Server.Implementations.ApplicationHost: Disposing "DlnaEntryPoint"
[2021-09-08 00:24:19.796 +02:00] [INF] [2] Emby.Dlna.Main.DlnaEntryPoint: Disposing SsdpDevicePublisher
[2021-09-08 00:24:19.900 +02:00] [INF] [2] Emby.Dlna.Main.DlnaEntryPoint: Disposing PlayToManager
[2021-09-08 00:24:19.900 +02:00] [INF] [2] Emby.Dlna.Main.DlnaEntryPoint: Disposing DeviceDiscovery
[2021-09-08 00:24:19.901 +02:00] [INF] [2] Emby.Dlna.Main.DlnaEntryPoint: Disposing SsdpCommunicationsServer
[2021-09-08 00:24:19.901 +02:00] [INF] [2] Emby.Dlna.Main.DlnaEntryPoint: "SsdpCommunicationsServer" disposing _BroadcastListenSocket
[2021-09-08 00:24:19.902 +02:00] [INF] [2] Emby.Dlna.Main.DlnaEntryPoint: "SsdpCommunicationsServer" Disposing 2 sendSockets
[2021-09-08 00:24:19.902 +02:00] [INF] [2] Emby.Dlna.Main.DlnaEntryPoint: "SsdpCommunicationsServer" disposing sendSocket from "0.0.0.0"
[2021-09-08 00:24:19.902 +02:00] [INF] [2] Emby.Dlna.Main.DlnaEntryPoint: "SsdpCommunicationsServer" disposing sendSocket from "172.18.0.2"
[2021-09-08 00:24:19.902 +02:00] [INF] [2] Emby.Server.Implementations.ApplicationHost: Disposing "NotificationEntryPoint"
[2021-09-08 00:24:19.904 +02:00] [INF] [2] Emby.Server.Implementations.ApplicationHost: Disposing "EntryPoint"
[2021-09-08 00:24:19.904 +02:00] [INF] [2] Emby.Server.Implementations.ApplicationHost: Disposing "DeviceAccessEntryPoint"
[2021-09-08 14:34:40.244 +02:00] [INF] [1] Main: Jellyfin version: "10.7.6"
[2021-09-08 14:34:40.262 +02:00] [INF] [1] Main: Environment Variables: ["[JELLYFIN_CONFIG_DIR, /config]", "[JELLYFIN_LOG_DIR, /config/log]", "[JELLYFIN_CACHE_DIR, /config/cache]", "[JELLYFIN_DATA_DIR, /config/data]"]
[2021-09-08 14:34:40.263 +02:00] [INF] [1] Main: Arguments: ["/usr/lib/jellyfin/bin/jellyfin.dll", "--ffmpeg=/usr/lib/jellyfin-ffmpeg/ffmpeg", "--webdir=/usr/share/jellyfin/web"]
[2021-09-08 14:34:40.264 +02:00] [INF] [1] Main: Operating system: "Linux"
[2021-09-08 14:34:40.264 +02:00] [INF] [1] Main: Architecture: X64
[2021-09-08 14:34:40.264 +02:00] [INF] [1] Main: 64-Bit Process: True
[2021-09-08 14:34:40.264 +02:00] [INF] [1] Main: User Interactive: True
[2021-09-08 14:34:40.264 +02:00] [INF] [1] Main: Processor count: 12
[2021-09-08 14:34:40.264 +02:00] [INF] [1] Main: Program data path: "/config/data"
[2021-09-08 14:34:40.264 +02:00] [INF] [1] Main: Web resources path: "/usr/share/jellyfin/web"
[2021-09-08 14:34:40.264 +02:00] [INF] [1] Main: Application directory: "/usr/lib/jellyfin/bin/"
[2021-09-08 14:34:40.413 +02:00] [INF] [1] Emby.Server.Implementations.AppBase.BaseConfigurationManager: Setting cache path: "/config/cache"
[2021-09-08 14:34:40.444 +02:00] [INF] [1] Jellyfin.Networking.Manager.NetworkManager: Defined LAN addresses : "[127.0.0.1/8,10.0.0.0/8,172.16.0.0/12,192.168.0.0/16]"
[2021-09-08 14:34:40.444 +02:00] [INF] [1] Jellyfin.Networking.Manager.NetworkManager: Defined LAN exclusions : "[]"
[2021-09-08 14:34:40.444 +02:00] [INF] [1] Jellyfin.Networking.Manager.NetworkManager: Using LAN addresses: "[127.0.0.1/8,10.0.0.0/8,172.16.0.0/12,192.168.0.0/16]"
[2021-09-08 14:34:40.449 +02:00] [INF] [1] Jellyfin.Networking.Manager.NetworkManager: Using bind addresses: "[]"
[2021-09-08 14:34:40.449 +02:00] [INF] [1] Jellyfin.Networking.Manager.NetworkManager: Using bind exclusions: "[]"
[2021-09-08 14:34:40.464 +02:00] [INF] [1] Emby.Server.Implementations.ApplicationHost: Loading assemblies
[2021-09-08 14:34:41.432 +02:00] [INF] [1] Emby.Server.Implementations.Plugins.PluginManager: Loaded plugin: "OMDb" "10.7.6.0"
[2021-09-08 14:34:41.432 +02:00] [INF] [1] Emby.Server.Implementations.Plugins.PluginManager: Loaded plugin: "MusicBrainz" "10.7.6.0"
[2021-09-08 14:34:41.432 +02:00] [INF] [1] Emby.Server.Implementations.Plugins.PluginManager: Loaded plugin: "AudioDB" "10.7.6.0"
[2021-09-08 14:34:41.479 +02:00] [INF] [1] Main: Kestrel listening on "Any IP4 Address"
[2021-09-08 14:34:41.668 +02:00] [WRN] [1] Microsoft.AspNetCore.DataProtection.Repositories.EphemeralXmlRepository: Using an in-memory repository. Keys will not be persisted to storage.
[2021-09-08 14:34:41.668 +02:00] [WRN] [1] Microsoft.AspNetCore.DataProtection.KeyManagement.XmlKeyManager: Neither user profile nor HKLM registry available. Using an ephemeral key repository. Protected data will be unavailable when application exits.
[2021-09-08 14:34:41.675 +02:00] [WRN] [1] Microsoft.AspNetCore.DataProtection.KeyManagement.XmlKeyManager: No XML encryptor configured. Key {23706abf-c683-4865-87d2-4f110f5520df} may be persisted to storage in unencrypted form.
[2021-09-08 14:34:41.693 +02:00] [INF] [1] Emby.Server.Implementations.ApplicationHost: Running startup tasks
[2021-09-08 14:34:41.734 +02:00] [INF] [1] Emby.Server.Implementations.ScheduledTasks.TaskManager: Daily trigger for "Extract Chapter Images" set to fire at 09/09/2021 02:00, which is 11:25:18.2659276 from now.
[2021-09-08 14:34:41.829 +02:00] [INF] [1] MediaBrowser.MediaEncoding.Encoder.MediaEncoder: Found ffmpeg version "4.3.1"
[2021-09-08 14:34:41.850 +02:00] [INF] [1] MediaBrowser.MediaEncoding.Encoder.MediaEncoder: Available "decoders": ["h264", "h264_qsv", "h264_cuvid", "hevc", "hevc_qsv", "hevc_cuvid", "mpeg2video", "mpeg2_qsv", "mpeg2_cuvid", "mpeg4", "mpeg4_cuvid", "msmpeg4", "vc1_qsv", "vc1_cuvid", "vp8_cuvid", "vp8_qsv", "vp9_cuvid", "vp9_qsv", "aac", "ac3", "flac", "mp3"]
[2021-09-08 14:34:41.858 +02:00] [INF] [1] MediaBrowser.MediaEncoding.Encoder.MediaEncoder: Available "encoders": ["libx264", "h264_amf", "h264_nvenc", "h264_qsv", "h264_v4l2m2m", "h264_vaapi", "libx265", "hevc_amf", "hevc_nvenc", "hevc_qsv", "hevc_vaapi", "mpeg4", "msmpeg4", "libvpx", "libvpx-vp9", "aac", "ac3", "flac", "libmp3lame", "libopus", "libvorbis", "srt"]
[2021-09-08 14:34:41.866 +02:00] [INF] [1] MediaBrowser.MediaEncoding.Encoder.MediaEncoder: Available hwaccel types: ["vdpau", "cuda", "vaapi", "qsv", "drm", "opencl"]
[2021-09-08 14:34:41.866 +02:00] [INF] [1] MediaBrowser.MediaEncoding.Encoder.MediaEncoder: FFmpeg: SetByArgument: "/usr/lib/jellyfin-ffmpeg/ffmpeg"
[2021-09-08 14:34:41.867 +02:00] [INF] [1] Emby.Server.Implementations.ApplicationHost: ServerId: "06ea9338fc5e4786a65ba490615cbbc1"
[2021-09-08 14:34:41.929 +02:00] [INF] [1] Emby.Dlna.Main.DlnaEntryPoint: Registering publisher for "urn:schemas-upnp-org:device:MediaServer:1" on "172.18.0.2/16"
[2021-09-08 14:34:41.939 +02:00] [INF] [1] Emby.Server.Implementations.ApplicationHost: Executed all pre-startup entry points in 0:00:00.0663081
[2021-09-08 14:34:41.939 +02:00] [INF] [1] Emby.Server.Implementations.ApplicationHost: Core startup complete
[2021-09-08 14:34:42.045 +02:00] [INF] [18] Emby.Server.Implementations.IO.LibraryMonitor: Watching directory /media/movies
[2021-09-08 14:34:42.045 +02:00] [INF] [10] Emby.Server.Implementations.IO.LibraryMonitor: Watching directory /media/shows
[2021-09-08 14:34:42.048 +02:00] [INF] [1] Emby.Server.Implementations.ApplicationHost: Executed all post-startup entry points in 0:00:00.1082631
[2021-09-08 14:34:42.048 +02:00] [INF] [1] Main: Startup complete 0:00:01.9081207
[2021-09-08 14:34:44.736 +02:00] [INF] [17] Emby.Server.Implementations.ScheduledTasks.TaskManager: "StartupTrigger" fired for task: "Update Plugins"
[2021-09-08 14:34:44.738 +02:00] [INF] [17] Emby.Server.Implementations.ScheduledTasks.TaskManager: Queuing task "PluginUpdateTask"
[2021-09-08 14:34:44.740 +02:00] [INF] [10] Emby.Server.Implementations.ScheduledTasks.TaskManager: Executing "Update Plugins"
[2021-09-08 14:34:45.857 +02:00] [INF] [10] Emby.Server.Implementations.ScheduledTasks.TaskManager: "Update Plugins" Completed after 0 minute(s) and 1 seconds
[2021-09-08 14:34:45.885 +02:00] [INF] [10] Emby.Server.Implementations.ScheduledTasks.TaskManager: ExecuteQueuedTasks
[2021-09-08 14:35:41.738 +02:00] [INF] [27] Emby.Server.Implementations.ScheduledTasks.TaskManager: "IntervalTrigger" fired for task: "Scan Media Library"
[2021-09-08 14:35:41.738 +02:00] [INF] [27] Emby.Server.Implementations.ScheduledTasks.TaskManager: Queuing task "RefreshMediaLibraryTask"
[2021-09-08 14:35:41.738 +02:00] [INF] [27] Emby.Server.Implementations.ScheduledTasks.TaskManager: Executing "Scan Media Library"
[2021-09-08 14:35:41.740 +02:00] [INF] [27] Emby.Server.Implementations.IO.LibraryMonitor: Stopping directory watching for path "/media/shows"
[2021-09-08 14:35:41.740 +02:00] [INF] [27] Emby.Server.Implementations.IO.LibraryMonitor: Stopping directory watching for path "/media/movies"
[2021-09-08 14:35:41.741 +02:00] [INF] [27] Emby.Server.Implementations.Library.LibraryManager: Validating media library
[2021-09-08 14:35:41.913 +02:00] [INF] [32] Emby.Server.Implementations.ScheduledTasks.TaskManager: "Scan Media Library" Completed after 0 minute(s) and 0 seconds
[2021-09-08 14:35:41.913 +02:00] [INF] [29] Emby.Server.Implementations.IO.LibraryMonitor: Watching directory /media/movies
[2021-09-08 14:35:41.913 +02:00] [INF] [32] Emby.Server.Implementations.ScheduledTasks.TaskManager: ExecuteQueuedTasks
[2021-09-08 14:35:41.920 +02:00] [INF] [30] Emby.Server.Implementations.IO.LibraryMonitor: Watching directory /media/shows
[2021-09-08 15:34:41.712 +02:00] [INF] [127] Emby.Server.Implementations.ScheduledTasks.TaskManager: "IntervalTrigger" fired for task: "Download missing subtitles"
[2021-09-08 15:34:41.713 +02:00] [INF] [127] Emby.Server.Implementations.ScheduledTasks.TaskManager: Queuing task "SubtitleScheduledTask"
[2021-09-08 15:34:41.713 +02:00] [INF] [129] Emby.Server.Implementations.ScheduledTasks.TaskManager: Executing "Download missing subtitles"
[2021-09-08 15:34:41.718 +02:00] [INF] [129] Emby.Server.Implementations.ScheduledTasks.TaskManager: "Download missing subtitles" Completed after 0 minute(s) and 0 seconds
[2021-09-08 15:34:41.718 +02:00] [INF] [129] Emby.Server.Implementations.ScheduledTasks.TaskManager: ExecuteQueuedTasks
[2021-09-08 15:34:41.739 +02:00] [INF] [128] Emby.Server.Implementations.ScheduledTasks.TaskManager: "IntervalTrigger" fired for task: "Refresh People"
[2021-09-08 15:34:41.739 +02:00] [INF] [127] Emby.Server.Implementations.ScheduledTasks.TaskManager: "IntervalTrigger" fired for task: "Clean Log Directory"
[2021-09-08 15:34:41.739 +02:00] [INF] [128] Emby.Server.Implementations.ScheduledTasks.TaskManager: Queuing task "PeopleValidationTask"
[2021-09-08 15:34:41.739 +02:00] [INF] [127] Emby.Server.Implementations.ScheduledTasks.TaskManager: Queuing task "DeleteLogFileTask"
[2021-09-08 15:34:41.739 +02:00] [INF] [130] Emby.Server.Implementations.ScheduledTasks.TaskManager: "IntervalTrigger" fired for task: "Clean Transcode Directory"
[2021-09-08 15:34:41.739 +02:00] [INF] [131] Emby.Server.Implementations.ScheduledTasks.TaskManager: "IntervalTrigger" fired for task: "Refresh Guide"
[2021-09-08 15:34:41.739 +02:00] [INF] [129] Emby.Server.Implementations.ScheduledTasks.TaskManager: "IntervalTrigger" fired for task: "Clean Cache Directory"
[2021-09-08 15:34:41.739 +02:00] [INF] [130] Emby.Server.Implementations.ScheduledTasks.TaskManager: Queuing task "DeleteTranscodeFileTask"
[2021-09-08 15:34:41.739 +02:00] [INF] [127] Emby.Server.Implementations.ScheduledTasks.TaskManager: Executing "Clean Log Directory"
[2021-09-08 15:34:41.739 +02:00] [INF] [129] Emby.Server.Implementations.ScheduledTasks.TaskManager: Queuing task "DeleteCacheFileTask"
[2021-09-08 15:34:41.739 +02:00] [INF] [131] Emby.Server.Implementations.ScheduledTasks.TaskManager: Queuing task "RefreshChannelsScheduledTask"
[2021-09-08 15:34:41.739 +02:00] [INF] [137] Emby.Server.Implementations.ScheduledTasks.TaskManager: Executing "Refresh People"
[2021-09-08 15:34:41.739 +02:00] [INF] [132] Emby.Server.Implementations.ScheduledTasks.TaskManager: "IntervalTrigger" fired for task: "TasksRefreshChannels"
[2021-09-08 15:34:41.739 +02:00] [INF] [129] Emby.Server.Implementations.ScheduledTasks.TaskManager: Executing "Clean Cache Directory"
[2021-09-08 15:34:41.739 +02:00] [INF] [131] Emby.Server.Implementations.ScheduledTasks.TaskManager: Executing "Refresh Guide"
[2021-09-08 15:34:41.739 +02:00] [INF] [132] Emby.Server.Implementations.ScheduledTasks.TaskManager: Queuing task "RefreshChannelsScheduledTask"
[2021-09-08 15:34:41.739 +02:00] [INF] [132] Emby.Server.Implementations.ScheduledTasks.TaskManager: Executing "TasksRefreshChannels"
[2021-09-08 15:34:41.739 +02:00] [INF] [130] Emby.Server.Implementations.ScheduledTasks.TaskManager: Executing "Clean Transcode Directory"
[2021-09-08 15:34:41.740 +02:00] [INF] [127] Emby.Server.Implementations.ScheduledTasks.TaskManager: "Clean Log Directory" Completed after 0 minute(s) and 0 seconds
[2021-09-08 15:34:41.740 +02:00] [INF] [127] Emby.Server.Implementations.ScheduledTasks.TaskManager: ExecuteQueuedTasks
[2021-09-08 15:34:41.748 +02:00] [INF] [130] Emby.Server.Implementations.ScheduledTasks.TaskManager: "Clean Transcode Directory" Completed after 0 minute(s) and 0 seconds
[2021-09-08 15:34:41.748 +02:00] [INF] [129] Emby.Server.Implementations.ScheduledTasks.TaskManager: "Clean Cache Directory" Completed after 0 minute(s) and 0 seconds
[2021-09-08 15:34:41.748 +02:00] [INF] [130] Emby.Server.Implementations.ScheduledTasks.TaskManager: ExecuteQueuedTasks
[2021-09-08 15:34:41.757 +02:00] [INF] [129] Emby.Server.Implementations.ScheduledTasks.TaskManager: ExecuteQueuedTasks
[2021-09-08 15:34:41.766 +02:00] [INF] [132] Emby.Server.Implementations.ScheduledTasks.TaskManager: "TasksRefreshChannels" Completed after 0 minute(s) and 0 seconds
[2021-09-08 15:34:41.766 +02:00] [INF] [132] Emby.Server.Implementations.ScheduledTasks.TaskManager: ExecuteQueuedTasks
[2021-09-08 15:34:41.772 +02:00] [INF] [137] Emby.Server.Implementations.Library.LibraryManager: People validation complete
[2021-09-08 15:34:41.772 +02:00] [INF] [137] Emby.Server.Implementations.ScheduledTasks.TaskManager: "Refresh People" Completed after 0 minute(s) and 0 seconds
[2021-09-08 15:34:41.773 +02:00] [INF] [137] Emby.Server.Implementations.ScheduledTasks.TaskManager: ExecuteQueuedTasks
[2021-09-08 15:34:44.839 +02:00] [INF] [127] Emby.Server.Implementations.LiveTv.LiveTvManager: Refreshing guide with 7 days of guide data
[2021-09-08 15:34:44.843 +02:00] [INF] [127] Emby.Server.Implementations.ScheduledTasks.TaskManager: "Refresh Guide" Completed after 0 minute(s) and 3 seconds
[2021-09-08 15:34:44.844 +02:00] [INF] [127] Emby.Server.Implementations.ScheduledTasks.TaskManager: ExecuteQueuedTasks
[2021-09-08 16:16:23.414 +02:00] [INF] [201] Emby.Server.Implementations.IO.LibraryMonitor: "shows" ("/media/shows") will be refreshed.
[2021-09-08 16:21:32.956 +02:00] [INF] [231] Emby.Server.Implementations.IO.LibraryMonitor: "movies" ("/media/movies") will be refreshed.
[2021-09-08 16:21:35.751 +02:00] [ERR] [227] MediaBrowser.Providers.Manager.ProviderManager: UnauthorizedAccessException - Access to path "/media/movies/jellyfish-5-mbps-hd-h264/folder.jpg" is denied. Will retry saving to "/config/data/metadata/library/ac/ac3dd1e57ac918235f969cb1428943ca/poster.jpg"
[2021-09-08 16:21:35.868 +02:00] [ERR] [224] MediaBrowser.Providers.Manager.ProviderManager: UnauthorizedAccessException - Access to path "/media/movies/jellyfish-5-mbps-hd-hevc/folder.jpg" is denied. Will retry saving to "/config/data/metadata/library/01/01996b62aa9b9f3fa57f3f35a2954a67/poster.jpg"
[2021-09-08 16:22:26.496 +02:00] [INF] [237] Jellyfin.Server.Implementations.Users.UserManager: Authentication request for "jellyfin" has succeeded.
[2021-09-08 16:22:26.497 +02:00] [INF] [237] Emby.Server.Implementations.Session.SessionManager: Current/Max sessions for user "jellyfin": 0/0
[2021-09-08 16:22:26.500 +02:00] [INF] [237] Emby.Server.Implementations.Session.SessionManager: Creating new access token for user 4e6d91b7-e219-48f9-8774-b871871c5ff5
[2021-09-08 16:22:26.613 +02:00] [INF] [259] Emby.Server.Implementations.HttpServer.WebSocketManager: WS "192.168.178.38" request
[2021-09-08 16:22:45.636 +02:00] [WRN] [259] Jellyfin.Server.Middleware.ResponseTimeMiddleware: Slow HTTP Response from "http://192.168.178.35:8096/Items/RemoteSearch/Movie" to "192.168.178.38" in 0:00:00.7661569 with Status Code 200
[2021-09-08 16:22:52.908 +02:00] [INF] [257] Jellyfin.Api.Controllers.ItemLookupController: Setting provider id's to item ac3dd1e5-7ac9-1823-5f96-9cb1428943ca-"jellyfish-5-mbps-hd-h264": "{\"Tmdb\":\"511670\"}"
[2021-09-08 16:22:54.415 +02:00] [ERR] [260] MediaBrowser.Providers.Manager.ProviderManager: UnauthorizedAccessException - Access to path "/media/movies/jellyfish-5-mbps-hd-h264/folder.jpg" is denied. Will retry saving to "/config/data/metadata/library/ac/ac3dd1e57ac918235f969cb1428943ca/poster.jpg"
[2021-09-08 16:22:54.447 +02:00] [ERR] [260] MediaBrowser.Providers.Manager.ProviderManager: UnauthorizedAccessException - Access to path "/media/movies/jellyfish-5-mbps-hd-h264/backdrop.jpg" is denied. Will retry saving to "/config/data/metadata/library/ac/ac3dd1e57ac918235f969cb1428943ca/backdrop.jpg"
[2021-09-08 16:22:54.531 +02:00] [WRN] [243] Jellyfin.Server.Middleware.ResponseTimeMiddleware: Slow HTTP Response from "http://192.168.178.35:8096/Items/RemoteSearch/Apply/ac3dd1e57ac918235f969cb1428943ca?ReplaceAllImages=true" to "192.168.178.38" in 0:00:01.6401263 with Status Code 204
[2021-09-08 16:22:57.739 +02:00] [INF] [260] Emby.Server.Implementations.IO.LibraryMonitor: "shows" ("/media/shows") will be refreshed.
[2021-09-08 16:22:58.660 +02:00] [ERR] [226] MediaBrowser.Providers.Manager.ProviderManager: "TmdbSeriesImageProvider" failed in GetImageInfos for type "Series" at "/media/shows/HEVC"
System.ArgumentNullException: Value cannot be null. (Parameter 'source')
   at System.Linq.ThrowHelper.ThrowArgumentNullException(ExceptionArgument argument)
   at System.Linq.Enumerable.Where[TSource](IEnumerable`1 source, Func`2 predicate)
   at MediaBrowser.Providers.Manager.ProviderManager.GetImages(BaseItem item, IRemoteImageProvider provider, IReadOnlyCollection`1 preferredLanguages, CancellationToken cancellationToken, Nullable`1 type)
[2021-09-08 16:22:58.687 +02:00] [INF] [226] MediaBrowser.Providers.TV.SeriesMetadataService: Creating Season "Season Unknown" entry for "HEVC"
[2021-09-08 16:22:58.919 +02:00] [ERR] [226] MediaBrowser.Providers.Manager.ProviderManager: "TmdbSeriesImageProvider" failed in GetImageInfos for type "Series" at "/media/shows/H264"
System.ArgumentNullException: Value cannot be null. (Parameter 'source')
   at System.Linq.ThrowHelper.ThrowArgumentNullException(ExceptionArgument argument)
   at System.Linq.Enumerable.Where[TSource](IEnumerable`1 source, Func`2 predicate)
   at MediaBrowser.Providers.Manager.ProviderManager.GetImages(BaseItem item, IRemoteImageProvider provider, IReadOnlyCollection`1 preferredLanguages, CancellationToken cancellationToken, Nullable`1 type)
[2021-09-08 16:22:58.919 +02:00] [ERR] [237] MediaBrowser.Providers.Manager.ProviderManager: "TmdbSeriesImageProvider" failed in GetImageInfos for type "Series" at "/media/shows/10-Bit"
System.ArgumentNullException: Value cannot be null. (Parameter 'source')
   at System.Linq.ThrowHelper.ThrowArgumentNullException(ExceptionArgument argument)
   at System.Linq.Enumerable.Where[TSource](IEnumerable`1 source, Func`2 predicate)
   at MediaBrowser.Providers.Manager.ProviderManager.GetImages(BaseItem item, IRemoteImageProvider provider, IReadOnlyCollection`1 preferredLanguages, CancellationToken cancellationToken, Nullable`1 type)
[2021-09-08 16:22:58.951 +02:00] [INF] [226] MediaBrowser.Providers.TV.SeriesMetadataService: Creating Season "Season Unknown" entry for "H264"
[2021-09-08 16:22:58.951 +02:00] [INF] [237] MediaBrowser.Providers.TV.SeriesMetadataService: Creating Season "Season Unknown" entry for "10-Bit"
[2021-09-08 16:22:59.492 +02:00] [ERR] [257] MediaBrowser.Providers.Manager.ProviderManager: UnauthorizedAccessException - Access to path "/media/shows/HEVC/metadata/jellyfish-3-mbps-hd-hevc.jpg" is denied. Will retry saving to "/config/data/metadata/library/77/77d281f1f6f92a737c1fc497cac6cb51/poster.jpg"
[2021-09-08 16:22:59.981 +02:00] [ERR] [226] MediaBrowser.Providers.Manager.ProviderManager: UnauthorizedAccessException - Access to path "/media/shows/H264/metadata/jellyfish-3-mbps-hd-h264.jpg" is denied. Will retry saving to "/config/data/metadata/library/5e/5e03a7ffaa0e0b7eceb3666ffa327333/poster.jpg"
[2021-09-08 16:23:00.660 +02:00] [ERR] [226] MediaBrowser.Providers.Manager.ProviderManager: UnauthorizedAccessException - Access to path "/media/shows/HEVC/metadata/jellyfish-5-mbps-hd-hevc.jpg" is denied. Will retry saving to "/config/data/metadata/library/d2/d2930064b2a111c326dfe846eae87f76/poster.jpg"
[2021-09-08 16:23:00.710 +02:00] [ERR] [262] MediaBrowser.Providers.Manager.ProviderManager: UnauthorizedAccessException - Access to path "/media/shows/10-Bit/metadata/jellyfish-3-mbps-hd-hevc-10bit.jpg" is denied. Will retry saving to "/config/data/metadata/library/c1/c1d515966aaa0123abbb2d0afdd78d01/poster.jpg"
[2021-09-08 16:23:01.183 +02:00] [ERR] [262] MediaBrowser.Providers.Manager.ProviderManager: UnauthorizedAccessException - Access to path "/media/shows/H264/metadata/jellyfish-5-mbps-hd-h264.jpg" is denied. Will retry saving to "/config/data/metadata/library/34/344f8c732ac8d252991493f6e728a9f1/poster.jpg"
[2021-09-08 16:23:01.518 +02:00] [ERR] [262] MediaBrowser.Providers.Manager.ProviderManager: UnauthorizedAccessException - Access to path "/media/shows/HEVC/metadata/jellyfish-10-mbps-hd-hevc.jpg" is denied. Will retry saving to "/config/data/metadata/library/ac/ac99394659efddd88b3e09c0fad68345/poster.jpg"
[2021-09-08 16:23:01.539 +02:00] [INF] [226] MediaBrowser.Providers.TV.SeriesMetadataService: Removing virtual season null in series "HEVC"
[2021-09-08 16:23:01.544 +02:00] [INF] [226] Emby.Server.Implementations.Library.LibraryManager: Removing item, Type: "Season", Name: "Season Unknown", Path: "", Id: 2e5b77de-b7b6-270b-8e8b-85751628e068
[2021-09-08 16:23:01.555 +02:00] [INF] [226] MediaBrowser.Providers.TV.SeriesMetadataService: Creating Season "Season 1" entry for "HEVC"
[2021-09-08 16:23:02.042 +02:00] [ERR] [232] MediaBrowser.Providers.Manager.ProviderManager: UnauthorizedAccessException - Access to path "/media/shows/H264/metadata/jellyfish-10-mbps-hd-h264.jpg" is denied. Will retry saving to "/config/data/metadata/library/30/30a7267510d86cbf21fb63615ab884d8/poster.jpg"
[2021-09-08 16:23:02.067 +02:00] [INF] [226] MediaBrowser.Providers.TV.SeriesMetadataService: Removing virtual season null in series "H264"
[2021-09-08 16:23:02.067 +02:00] [INF] [226] Emby.Server.Implementations.Library.LibraryManager: Removing item, Type: "Season", Name: "Season Unknown", Path: "", Id: 667b04da-1cb3-96eb-12b3-be8f83fb9ac5
[2021-09-08 16:23:02.081 +02:00] [INF] [226] MediaBrowser.Providers.TV.SeriesMetadataService: Creating Season "Season 1" entry for "H264"
[2021-09-08 16:23:02.745 +02:00] [ERR] [226] MediaBrowser.Providers.Manager.ProviderManager: UnauthorizedAccessException - Access to path "/media/shows/10-Bit/metadata/jellyfish-10-mbps-hd-hevc-10bit.jpg" is denied. Will retry saving to "/config/data/metadata/library/af/af91050df98cf5d9e1bbf269933287bc/poster.jpg"
[2021-09-08 16:23:02.765 +02:00] [INF] [232] MediaBrowser.Providers.TV.SeriesMetadataService: Removing virtual season null in series "10-Bit"
[2021-09-08 16:23:02.765 +02:00] [INF] [232] Emby.Server.Implementations.Library.LibraryManager: Removing item, Type: "Season", Name: "Season Unknown", Path: "", Id: 3eb62c90-f98d-7f48-ba0c-e51aa75ccde5
[2021-09-08 16:23:02.770 +02:00] [INF] [232] MediaBrowser.Providers.TV.SeriesMetadataService: Creating Season "Season 1" entry for "10-Bit"
[2021-09-08 16:23:32.635 +02:00] [WRN] [241] Emby.Server.Implementations.HttpServer.WebSocketConnection: WS "192.168.178.38" error receiving data: "The remote party closed the WebSocket connection without completing the close handshake."
[2021-09-08 16:23:32.652 +02:00] [INF] [241] Emby.Server.Implementations.HttpServer.WebSocketManager: WS "192.168.178.38" closed
[2021-09-08 16:23:32.935 +02:00] [INF] [257] Emby.Server.Implementations.HttpServer.WebSocketManager: WS "192.168.178.38" request
[2021-09-08 16:23:41.890 +02:00] [WRN] [264] Jellyfin.Server.Middleware.ResponseTimeMiddleware: Slow HTTP Response from "http://192.168.178.35:8096/Items/RemoteSearch/Movie" to "192.168.178.38" in 0:00:00.6825046 with Status Code 200
[2021-09-08 16:24:11.999 +02:00] [INF] [261] Jellyfin.Api.Controllers.ItemLookupController: Setting provider id's to item 01996b62-aa9b-9f3f-a57f-3f35a2954a67-"Jellyfi": "{\"Tmdb\":\"463157\"}"
[2021-09-08 16:24:12.959 +02:00] [ERR] [242] MediaBrowser.Providers.Manager.ProviderManager: UnauthorizedAccessException - Access to path "/media/movies/jellyfish-5-mbps-hd-hevc/folder.jpg" is denied. Will retry saving to "/config/data/metadata/library/01/01996b62aa9b9f3fa57f3f35a2954a67/poster.jpg"
[2021-09-08 16:24:12.977 +02:00] [ERR] [264] MediaBrowser.Providers.Manager.ProviderManager: UnauthorizedAccessException - Access to path "/media/movies/jellyfish-5-mbps-hd-hevc/backdrop.jpg" is denied. Will retry saving to "/config/data/metadata/library/01/01996b62aa9b9f3fa57f3f35a2954a67/backdrop.jpg"
[2021-09-08 16:24:13.491 +02:00] [WRN] [266] Jellyfin.Server.Middleware.ResponseTimeMiddleware: Slow HTTP Response from "http://192.168.178.35:8096/Items/RemoteSearch/Apply/01996b62aa9b9f3fa57f3f35a2954a67?ReplaceAllImages=true" to "192.168.178.38" in 0:00:01.4931773 with Status Code 204
[2021-09-08 16:24:41.779 +02:00] [WRN] [239] Jellyfin.Server.Middleware.ResponseTimeMiddleware: Slow HTTP Response from "http://192.168.178.35:8096/Items/RemoteSearch/Series" to "192.168.178.38" in 0:00:00.6816021 with Status Code 200
[2021-09-08 16:24:47.937 +02:00] [WRN] [234] Jellyfin.Server.Middleware.ResponseTimeMiddleware: Slow HTTP Response from "http://192.168.178.35:8096/Items/RemoteSearch/Series" to "192.168.178.38" in 0:00:00.6577319 with Status Code 200
[2021-09-08 16:24:52.818 +02:00] [INF] [254] Jellyfin.Api.Controllers.ItemLookupController: Setting provider id's to item baefcd5c-5969-9ec8-a3a0-ff8864870ce3-"10-Bit": "{\"Tmdb\":\"83025\"}"
[2021-09-08 16:24:53.862 +02:00] [ERR] [235] MediaBrowser.Providers.Manager.ProviderManager: UnauthorizedAccessException - Access to path "/media/shows/10-Bit/folder.jpg" is denied. Will retry saving to "/config/data/metadata/library/ba/baefcd5c59699ec8a3a0ff8864870ce3/poster.jpg"
[2021-09-08 16:24:53.908 +02:00] [ERR] [234] MediaBrowser.Providers.Manager.ProviderManager: UnauthorizedAccessException - Access to path "/media/shows/10-Bit/folder.jpg" is denied. Will retry saving to "/config/data/metadata/library/ba/baefcd5c59699ec8a3a0ff8864870ce3/poster.jpg"
[2021-09-08 16:24:56.701 +02:00] [ERR] [264] MediaBrowser.Providers.Manager.ProviderManager: UnauthorizedAccessException - Access to path "/media/shows/10-Bit/metadata/jellyfish-3-mbps-hd-hevc-10bit.jpg" is denied. Will retry saving to "/config/data/metadata/library/c1/c1d515966aaa0123abbb2d0afdd78d01/poster.jpg"
[2021-09-08 16:24:58.284 +02:00] [ERR] [264] MediaBrowser.Providers.Manager.ProviderManager: UnauthorizedAccessException - Access to path "/media/shows/10-Bit/metadata/jellyfish-10-mbps-hd-hevc-10bit.jpg" is denied. Will retry saving to "/config/data/metadata/library/af/af91050df98cf5d9e1bbf269933287bc/poster.jpg"
[2021-09-08 16:24:58.325 +02:00] [ERR] [264] MediaBrowser.Providers.Manager.ProviderManager: UnauthorizedAccessException - Access to path "/media/shows/10-Bit/folder.jpg" is denied. Will retry saving to "/config/data/metadata/library/ba/baefcd5c59699ec8a3a0ff8864870ce3/poster.jpg"
[2021-09-08 16:24:58.342 +02:00] [WRN] [264] Jellyfin.Server.Middleware.ResponseTimeMiddleware: Slow HTTP Response from "http://192.168.178.35:8096/Items/RemoteSearch/Apply/baefcd5c59699ec8a3a0ff8864870ce3?ReplaceAllImages=true" to "192.168.178.38" in 0:00:05.5247284 with Status Code 204
[2021-09-08 16:25:52.987 +02:00] [WRN] [236] Jellyfin.Server.Middleware.ResponseTimeMiddleware: Slow HTTP Response from "http://192.168.178.35:8096/Items/RemoteSearch/Series" to "192.168.178.38" in 0:00:00.6725046 with Status Code 200
[2021-09-08 16:26:03.462 +02:00] [WRN] [234] Jellyfin.Server.Middleware.ResponseTimeMiddleware: Slow HTTP Response from "http://192.168.178.35:8096/Items/RemoteSearch/Series" to "192.168.178.38" in 0:00:00.6536886 with Status Code 200
[2021-09-08 16:26:07.036 +02:00] [INF] [245] Jellyfin.Api.Controllers.ItemLookupController: Setting provider id's to item 2e05346d-73f6-6a38-d44b-b51540806b2c-"H264": "{\"Tmdb\":\"4194\"}"
[2021-09-08 16:26:07.250 +02:00] [ERR] [236] MediaBrowser.Providers.Manager.ProviderManager: UnauthorizedAccessException - Access to path "/media/shows/H264/folder.jpg" is denied. Will retry saving to "/config/data/metadata/library/2e/2e05346d73f66a38d44bb51540806b2c/poster.jpg"
[2021-09-08 16:26:07.306 +02:00] [ERR] [251] MediaBrowser.Providers.Manager.ProviderManager: UnauthorizedAccessException - Access to path "/media/shows/H264/backdrop.jpg" is denied. Will retry saving to "/config/data/metadata/library/2e/2e05346d73f66a38d44bb51540806b2c/backdrop.jpg"
[2021-09-08 16:26:08.114 +02:00] [ERR] [236] MediaBrowser.Providers.Manager.ProviderManager: UnauthorizedAccessException - Access to path "/media/shows/H264/folder.jpg" is denied. Will retry saving to "/config/data/metadata/library/2e/2e05346d73f66a38d44bb51540806b2c/poster.jpg"
[2021-09-08 16:26:08.190 +02:00] [ERR] [246] MediaBrowser.Providers.Manager.ProviderManager: UnauthorizedAccessException - Access to path "/media/shows/H264/backdrop.jpg" is denied. Will retry saving to "/config/data/metadata/library/2e/2e05346d73f66a38d44bb51540806b2c/backdrop.jpg"
[2021-09-08 16:26:08.969 +02:00] [ERR] [246] MediaBrowser.Providers.Manager.ProviderManager: UnauthorizedAccessException - Access to path "/media/shows/H264/metadata/jellyfish-3-mbps-hd-h264.jpg" is denied. Will retry saving to "/config/data/metadata/library/5e/5e03a7ffaa0e0b7eceb3666ffa327333/poster.jpg"
[2021-09-08 16:26:09.453 +02:00] [ERR] [236] MediaBrowser.Providers.Manager.ProviderManager: UnauthorizedAccessException - Access to path "/media/shows/H264/metadata/jellyfish-5-mbps-hd-h264.jpg" is denied. Will retry saving to "/config/data/metadata/library/34/344f8c732ac8d252991493f6e728a9f1/poster.jpg"
[2021-09-08 16:26:09.952 +02:00] [ERR] [246] MediaBrowser.Providers.Manager.ProviderManager: UnauthorizedAccessException - Access to path "/media/shows/H264/metadata/jellyfish-10-mbps-hd-h264.jpg" is denied. Will retry saving to "/config/data/metadata/library/30/30a7267510d86cbf21fb63615ab884d8/poster.jpg"
[2021-09-08 16:26:10.010 +02:00] [ERR] [244] MediaBrowser.Providers.Manager.ProviderManager: UnauthorizedAccessException - Access to path "/media/shows/H264/folder.jpg" is denied. Will retry saving to "/config/data/metadata/library/2e/2e05346d73f66a38d44bb51540806b2c/poster.jpg"
[2021-09-08 16:26:10.100 +02:00] [ERR] [244] MediaBrowser.Providers.Manager.ProviderManager: UnauthorizedAccessException - Access to path "/media/shows/H264/backdrop.jpg" is denied. Will retry saving to "/config/data/metadata/library/2e/2e05346d73f66a38d44bb51540806b2c/backdrop.jpg"
[2021-09-08 16:26:10.234 +02:00] [WRN] [264] Jellyfin.Server.Middleware.ResponseTimeMiddleware: Slow HTTP Response from "http://192.168.178.35:8096/Items/RemoteSearch/Apply/2e05346d73f66a38d44bb51540806b2c?ReplaceAllImages=true" to "192.168.178.38" in 0:00:03.199118 with Status Code 204
[2021-09-08 16:26:30.725 +02:00] [WRN] [236] Jellyfin.Server.Middleware.ResponseTimeMiddleware: Slow HTTP Response from "http://192.168.178.35:8096/Items/RemoteSearch/Series" to "192.168.178.38" in 0:00:00.6483451 with Status Code 200
[2021-09-08 16:26:33.246 +02:00] [INF] [265] Jellyfin.Api.Controllers.ItemLookupController: Setting provider id's to item bff00bcf-7261-dffb-d04d-a3138039bf2a-"HEVC": "{\"Tmdb\":\"4482\"}"
[2021-09-08 16:26:34.152 +02:00] [ERR] [236] MediaBrowser.Providers.Manager.ProviderManager: UnauthorizedAccessException - Access to path "/media/shows/HEVC/folder.jpg" is denied. Will retry saving to "/config/data/metadata/library/bf/bff00bcf7261dffbd04da3138039bf2a/poster.jpg"
[2021-09-08 16:26:34.331 +02:00] [ERR] [236] MediaBrowser.Providers.Manager.ProviderManager: UnauthorizedAccessException - Access to path "/media/shows/HEVC/backdrop.jpg" is denied. Will retry saving to "/config/data/metadata/library/bf/bff00bcf7261dffbd04da3138039bf2a/backdrop.jpg"
[2021-09-08 16:26:34.563 +02:00] [ERR] [222] MediaBrowser.Providers.Manager.ProviderManager: UnauthorizedAccessException - Access to path "/media/shows/HEVC/folder.jpg" is denied. Will retry saving to "/config/data/metadata/library/bf/bff00bcf7261dffbd04da3138039bf2a/poster.jpg"
[2021-09-08 16:26:34.586 +02:00] [ERR] [236] MediaBrowser.Providers.Manager.ProviderManager: UnauthorizedAccessException - Access to path "/media/shows/HEVC/backdrop.jpg" is denied. Will retry saving to "/config/data/metadata/library/bf/bff00bcf7261dffbd04da3138039bf2a/backdrop.jpg"
[2021-09-08 16:26:35.726 +02:00] [ERR] [238] MediaBrowser.Providers.Manager.ProviderManager: UnauthorizedAccessException - Access to path "/media/shows/HEVC/metadata/jellyfish-3-mbps-hd-hevc.jpg" is denied. Will retry saving to "/config/data/metadata/library/77/77d281f1f6f92a737c1fc497cac6cb51/poster.jpg"
[2021-09-08 16:26:36.422 +02:00] [ERR] [222] MediaBrowser.Providers.Manager.ProviderManager: UnauthorizedAccessException - Access to path "/media/shows/HEVC/metadata/jellyfish-5-mbps-hd-hevc.jpg" is denied. Will retry saving to "/config/data/metadata/library/d2/d2930064b2a111c326dfe846eae87f76/poster.jpg"
[2021-09-08 16:26:37.270 +02:00] [ERR] [236] MediaBrowser.Providers.Manager.ProviderManager: UnauthorizedAccessException - Access to path "/media/shows/HEVC/metadata/jellyfish-10-mbps-hd-hevc.jpg" is denied. Will retry saving to "/config/data/metadata/library/ac/ac99394659efddd88b3e09c0fad68345/poster.jpg"
[2021-09-08 16:26:37.318 +02:00] [ERR] [236] MediaBrowser.Providers.Manager.ProviderManager: UnauthorizedAccessException - Access to path "/media/shows/HEVC/folder.jpg" is denied. Will retry saving to "/config/data/metadata/library/bf/bff00bcf7261dffbd04da3138039bf2a/poster.jpg"
[2021-09-08 16:26:37.349 +02:00] [ERR] [222] MediaBrowser.Providers.Manager.ProviderManager: UnauthorizedAccessException - Access to path "/media/shows/HEVC/backdrop.jpg" is denied. Will retry saving to "/config/data/metadata/library/bf/bff00bcf7261dffbd04da3138039bf2a/backdrop.jpg"
[2021-09-08 16:26:37.422 +02:00] [WRN] [222] Jellyfin.Server.Middleware.ResponseTimeMiddleware: Slow HTTP Response from "http://192.168.178.35:8096/Items/RemoteSearch/Apply/bff00bcf7261dffbd04da3138039bf2a?ReplaceAllImages=true" to "192.168.178.38" in 0:00:04.1770456 with Status Code 204
[2021-09-08 16:26:45.712 +02:00] [WRN] [265] Emby.Server.Implementations.HttpServer.WebSocketConnection: WS "192.168.178.38" error receiving data: "The remote party closed the WebSocket connection without completing the close handshake."
[2021-09-08 16:26:45.724 +02:00] [INF] [265] Emby.Server.Implementations.HttpServer.WebSocketManager: WS "192.168.178.38" closed
[2021-09-08 16:26:45.967 +02:00] [INF] [242] Emby.Server.Implementations.HttpServer.WebSocketManager: WS "192.168.178.38" request
[2021-09-08 16:26:54.096 +02:00] [INF] [2] Main: Received a SIGTERM signal, shutting down
[2021-09-08 16:26:54.097 +02:00] [INF] [2] Emby.Server.Implementations.ApplicationHost: Disposing "CoreAppHost"
[2021-09-08 16:26:54.098 +02:00] [INF] [2] Emby.Server.Implementations.ApplicationHost: Disposing "EmbyTV"
[2021-09-08 16:26:54.099 +02:00] [INF] [2] Emby.Server.Implementations.ApplicationHost: Disposing "EntryPoint"
[2021-09-08 16:26:54.099 +02:00] [INF] [2] Emby.Server.Implementations.ApplicationHost: Disposing "LibraryMonitorStartup"
[2021-09-08 16:26:54.099 +02:00] [INF] [2] Emby.Server.Implementations.ApplicationHost: Disposing "ExternalPortForwarding"
[2021-09-08 16:26:54.100 +02:00] [INF] [2] Emby.Server.Implementations.EntryPoints.ExternalPortForwarding: Stopping NAT discovery
[2021-09-08 16:26:54.103 +02:00] [INF] [2] Emby.Server.Implementations.ApplicationHost: Disposing "LibraryChangedNotifier"
[2021-09-08 16:26:54.104 +02:00] [INF] [2] Emby.Server.Implementations.ApplicationHost: Disposing "RecordingNotifier"
[2021-09-08 16:26:54.105 +02:00] [INF] [2] Emby.Server.Implementations.ApplicationHost: Disposing "UdpServerEntryPoint"
[2021-09-08 16:26:54.107 +02:00] [INF] [2] Emby.Server.Implementations.ApplicationHost: Disposing "UserDataChangeNotifier"
[2021-09-08 16:26:54.107 +02:00] [INF] [2] Emby.Server.Implementations.ApplicationHost: Disposing "DlnaEntryPoint"
[2021-09-08 16:26:54.107 +02:00] [INF] [2] Emby.Dlna.Main.DlnaEntryPoint: Disposing SsdpDevicePublisher
[2021-09-08 16:26:54.212 +02:00] [INF] [2] Emby.Dlna.Main.DlnaEntryPoint: Disposing PlayToManager
[2021-09-08 16:26:54.213 +02:00] [INF] [2] Emby.Dlna.Main.DlnaEntryPoint: Disposing DeviceDiscovery
[2021-09-08 16:26:54.213 +02:00] [INF] [2] Emby.Dlna.Main.DlnaEntryPoint: Disposing SsdpCommunicationsServer
[2021-09-08 16:26:54.214 +02:00] [INF] [2] Emby.Dlna.Main.DlnaEntryPoint: "SsdpCommunicationsServer" disposing _BroadcastListenSocket
[2021-09-08 16:26:54.215 +02:00] [INF] [2] Emby.Dlna.Main.DlnaEntryPoint: "SsdpCommunicationsServer" Disposing 2 sendSockets
[2021-09-08 16:26:54.215 +02:00] [INF] [2] Emby.Dlna.Main.DlnaEntryPoint: "SsdpCommunicationsServer" disposing sendSocket from "0.0.0.0"
[2021-09-08 16:26:54.215 +02:00] [INF] [2] Emby.Dlna.Main.DlnaEntryPoint: "SsdpCommunicationsServer" disposing sendSocket from "172.18.0.2"
[2021-09-08 16:26:54.215 +02:00] [INF] [2] Emby.Server.Implementations.ApplicationHost: Disposing "NotificationEntryPoint"
[2021-09-08 16:26:54.216 +02:00] [INF] [2] Emby.Server.Implementations.ApplicationHost: Disposing "EntryPoint"
[2021-09-08 16:26:54.216 +02:00] [INF] [2] Emby.Server.Implementations.ApplicationHost: Disposing "DeviceAccessEntryPoint"
[2021-09-08 16:32:30.256 +02:00] [INF] [1] Main: Jellyfin version: "10.7.6"
[2021-09-08 16:32:30.268 +02:00] [INF] [1] Main: Environment Variables: ["[JELLYFIN_CONFIG_DIR, /config]", "[JELLYFIN_DATA_DIR, /config/data]", "[JELLYFIN_CACHE_DIR, /config/cache]", "[JELLYFIN_LOG_DIR, /config/log]"]
[2021-09-08 16:32:30.269 +02:00] [INF] [1] Main: Arguments: ["/usr/lib/jellyfin/bin/jellyfin.dll", "--ffmpeg=/usr/lib/jellyfin-ffmpeg/ffmpeg", "--webdir=/usr/share/jellyfin/web"]
[2021-09-08 16:32:30.270 +02:00] [INF] [1] Main: Operating system: "Linux"
[2021-09-08 16:32:30.270 +02:00] [INF] [1] Main: Architecture: X64
[2021-09-08 16:32:30.270 +02:00] [INF] [1] Main: 64-Bit Process: True
[2021-09-08 16:32:30.270 +02:00] [INF] [1] Main: User Interactive: True
[2021-09-08 16:32:30.270 +02:00] [INF] [1] Main: Processor count: 12
[2021-09-08 16:32:30.270 +02:00] [INF] [1] Main: Program data path: "/config/data"
[2021-09-08 16:32:30.270 +02:00] [INF] [1] Main: Web resources path: "/usr/share/jellyfin/web"
[2021-09-08 16:32:30.270 +02:00] [INF] [1] Main: Application directory: "/usr/lib/jellyfin/bin/"
[2021-09-08 16:32:30.370 +02:00] [INF] [1] Emby.Server.Implementations.AppBase.BaseConfigurationManager: Setting cache path: "/config/cache"
[2021-09-08 16:32:30.396 +02:00] [INF] [1] Jellyfin.Networking.Manager.NetworkManager: Defined LAN addresses : "[127.0.0.1/8,10.0.0.0/8,172.16.0.0/12,192.168.0.0/16]"
[2021-09-08 16:32:30.396 +02:00] [INF] [1] Jellyfin.Networking.Manager.NetworkManager: Defined LAN exclusions : "[]"
[2021-09-08 16:32:30.396 +02:00] [INF] [1] Jellyfin.Networking.Manager.NetworkManager: Using LAN addresses: "[127.0.0.1/8,10.0.0.0/8,172.16.0.0/12,192.168.0.0/16]"
[2021-09-08 16:32:30.401 +02:00] [INF] [1] Jellyfin.Networking.Manager.NetworkManager: Using bind addresses: "[]"
[2021-09-08 16:32:30.401 +02:00] [INF] [1] Jellyfin.Networking.Manager.NetworkManager: Using bind exclusions: "[]"
[2021-09-08 16:32:30.411 +02:00] [INF] [1] Emby.Server.Implementations.ApplicationHost: Loading assemblies
[2021-09-08 16:32:31.270 +02:00] [INF] [1] Emby.Server.Implementations.Plugins.PluginManager: Loaded plugin: "OMDb" "10.7.6.0"
[2021-09-08 16:32:31.270 +02:00] [INF] [1] Emby.Server.Implementations.Plugins.PluginManager: Loaded plugin: "MusicBrainz" "10.7.6.0"
[2021-09-08 16:32:31.271 +02:00] [INF] [1] Emby.Server.Implementations.Plugins.PluginManager: Loaded plugin: "AudioDB" "10.7.6.0"
[2021-09-08 16:32:31.309 +02:00] [INF] [1] Main: Kestrel listening on "Any IP4 Address"
[2021-09-08 16:32:31.481 +02:00] [WRN] [1] Microsoft.AspNetCore.DataProtection.Repositories.EphemeralXmlRepository: Using an in-memory repository. Keys will not be persisted to storage.
[2021-09-08 16:32:31.481 +02:00] [WRN] [1] Microsoft.AspNetCore.DataProtection.KeyManagement.XmlKeyManager: Neither user profile nor HKLM registry available. Using an ephemeral key repository. Protected data will be unavailable when application exits.
[2021-09-08 16:32:31.487 +02:00] [WRN] [1] Microsoft.AspNetCore.DataProtection.KeyManagement.XmlKeyManager: No XML encryptor configured. Key {fc24f085-6b6a-4781-87a7-88df68278810} may be persisted to storage in unencrypted form.
[2021-09-08 16:32:31.504 +02:00] [INF] [1] Emby.Server.Implementations.ApplicationHost: Running startup tasks
[2021-09-08 16:32:31.544 +02:00] [INF] [1] Emby.Server.Implementations.ScheduledTasks.TaskManager: Daily trigger for "Extract Chapter Images" set to fire at 09/09/2021 02:00, which is 9:27:28.45575 from now.
[2021-09-08 16:32:31.571 +02:00] [INF] [1] MediaBrowser.MediaEncoding.Encoder.MediaEncoder: Found ffmpeg version "4.3.1"
[2021-09-08 16:32:31.585 +02:00] [INF] [1] MediaBrowser.MediaEncoding.Encoder.MediaEncoder: Available "decoders": ["h264", "h264_qsv", "h264_cuvid", "hevc", "hevc_qsv", "hevc_cuvid", "mpeg2video", "mpeg2_qsv", "mpeg2_cuvid", "mpeg4", "mpeg4_cuvid", "msmpeg4", "vc1_qsv", "vc1_cuvid", "vp8_cuvid", "vp8_qsv", "vp9_cuvid", "vp9_qsv", "aac", "ac3", "flac", "mp3"]
[2021-09-08 16:32:31.592 +02:00] [INF] [1] MediaBrowser.MediaEncoding.Encoder.MediaEncoder: Available "encoders": ["libx264", "h264_amf", "h264_nvenc", "h264_qsv", "h264_v4l2m2m", "h264_vaapi", "libx265", "hevc_amf", "hevc_nvenc", "hevc_qsv", "hevc_vaapi", "mpeg4", "msmpeg4", "libvpx", "libvpx-vp9", "aac", "ac3", "flac", "libmp3lame", "libopus", "libvorbis", "srt"]
[2021-09-08 16:32:31.598 +02:00] [INF] [1] MediaBrowser.MediaEncoding.Encoder.MediaEncoder: Available hwaccel types: ["vdpau", "cuda", "vaapi", "qsv", "drm", "opencl"]
[2021-09-08 16:32:31.598 +02:00] [INF] [1] MediaBrowser.MediaEncoding.Encoder.MediaEncoder: FFmpeg: SetByArgument: "/usr/lib/jellyfin-ffmpeg/ffmpeg"
[2021-09-08 16:32:31.599 +02:00] [INF] [1] Emby.Server.Implementations.ApplicationHost: ServerId: "06ea9338fc5e4786a65ba490615cbbc1"
[2021-09-08 16:32:31.656 +02:00] [INF] [1] Emby.Dlna.Main.DlnaEntryPoint: Registering publisher for "urn:schemas-upnp-org:device:MediaServer:1" on "172.18.0.2/16"
[2021-09-08 16:32:31.667 +02:00] [INF] [1] Emby.Server.Implementations.ApplicationHost: Executed all pre-startup entry points in 0:00:00.061851
[2021-09-08 16:32:31.667 +02:00] [INF] [1] Emby.Server.Implementations.ApplicationHost: Core startup complete
[2021-09-08 16:32:31.771 +02:00] [INF] [9] Emby.Server.Implementations.IO.LibraryMonitor: Watching directory /media/shows
[2021-09-08 16:32:31.771 +02:00] [INF] [16] Emby.Server.Implementations.IO.LibraryMonitor: Watching directory /media/movies
[2021-09-08 16:32:31.773 +02:00] [INF] [1] Emby.Server.Implementations.ApplicationHost: Executed all post-startup entry points in 0:00:00.1065107
[2021-09-08 16:32:31.773 +02:00] [INF] [1] Main: Startup complete 0:00:01.6003639
[2021-09-08 16:32:34.546 +02:00] [INF] [18] Emby.Server.Implementations.ScheduledTasks.TaskManager: "StartupTrigger" fired for task: "Update Plugins"
[2021-09-08 16:32:34.547 +02:00] [INF] [18] Emby.Server.Implementations.ScheduledTasks.TaskManager: Queuing task "PluginUpdateTask"
[2021-09-08 16:32:34.550 +02:00] [INF] [16] Emby.Server.Implementations.ScheduledTasks.TaskManager: Executing "Update Plugins"
[2021-09-08 16:32:35.308 +02:00] [INF] [12] Emby.Server.Implementations.ScheduledTasks.TaskManager: "Update Plugins" Completed after 0 minute(s) and 0 seconds
[2021-09-08 16:32:35.341 +02:00] [INF] [12] Emby.Server.Implementations.ScheduledTasks.TaskManager: ExecuteQueuedTasks
[2021-09-08 16:32:35.729 +02:00] [INF] [10] Emby.Server.Implementations.HttpServer.WebSocketManager: WS "192.168.178.38" request
[2021-09-08 16:33:23.898 +02:00] [INF] [26] Emby.Server.Implementations.Session.SessionWebSocketListener: Sending ForceKeepAlive message to 1 inactive WebSockets.
[2021-09-08 16:33:35.899 +02:00] [INF] [23] Emby.Server.Implementations.Session.SessionWebSocketListener: Lost 1 WebSockets.
[2021-09-08 16:46:38.286 +02:00] [INF] [174] Jellyfin.Api.Controllers.DynamicHlsController: Current HLS implementation doesn't support non-keyframe breaks but one is requested, ignoring that request
[2021-09-08 16:46:38.297 +02:00] [INF] [174] Jellyfin.Api.Helpers.TranscodingJobHelper: /usr/lib/jellyfin-ffmpeg/ffmpeg -fflags +genpts -f matroska,webm -i file:"/media/movies/jellyfish-5-mbps-hd-hevc/jellyfish-5-mbps-hd-hevc.mkv" -map_metadata -1 -map_chapters -1 -threads 0 -map 0:0 -map -0:a -map -0:s -codec:v:0 copy -tag:v:0 hvc1 -bsf:v hevc_mp4toannexb -start_at_zero -vsync -1  -copyts -avoid_negative_ts disabled -max_muxing_queue_size 2048 -f hls -max_delay 5000000 -hls_time 6 -hls_segment_type mpegts -start_number 0 -hls_segment_filename "/config/data/transcodes/aaff979e2784263be039d1f773b0bc3b%d.ts" -hls_playlist_type vod -hls_list_size 0 -y "/config/data/transcodes/aaff979e2784263be039d1f773b0bc3b.m3u8"
[2021-09-08 16:46:38.337 +02:00] [INF] [177] Jellyfin.Api.Helpers.TranscodingJobHelper: FFmpeg exited with code 0
[2021-09-08 16:46:39.622 +02:00] [INF] [177] Jellyfin.Api.Controllers.DynamicHlsController: Current HLS implementation doesn't support non-keyframe breaks but one is requested, ignoring that request
[2021-09-08 16:46:39.622 +02:00] [INF] [177] Jellyfin.Api.Helpers.TranscodingJobHelper: /usr/lib/jellyfin-ffmpeg/ffmpeg -ss 00:00:24.000 -fflags +genpts -noaccurate_seek -f matroska,webm -i file:"/media/movies/jellyfish-5-mbps-hd-hevc/jellyfish-5-mbps-hd-hevc.mkv" -map_metadata -1 -map_chapters -1 -threads 0 -map 0:0 -map -0:a -map -0:s -codec:v:0 copy -tag:v:0 hvc1 -bsf:v hevc_mp4toannexb -start_at_zero -vsync -1  -copyts -avoid_negative_ts disabled -max_muxing_queue_size 2048 -f hls -max_delay 5000000 -hls_time 6 -hls_segment_type mpegts -start_number 4 -hls_segment_filename "/config/data/transcodes/aaff979e2784263be039d1f773b0bc3b%d.ts" -hls_playlist_type vod -hls_list_size 0 -y "/config/data/transcodes/aaff979e2784263be039d1f773b0bc3b.m3u8"
[2021-09-08 16:46:39.641 +02:00] [INF] [176] Jellyfin.Api.Helpers.TranscodingJobHelper: FFmpeg exited with code 0
[2021-09-08 16:46:39.797 +02:00] [INF] [177] Jellyfin.Api.Controllers.DynamicHlsController: Current HLS implementation doesn't support non-keyframe breaks but one is requested, ignoring that request
[2021-09-08 16:46:39.797 +02:00] [INF] [177] Jellyfin.Api.Helpers.TranscodingJobHelper: /usr/lib/jellyfin-ffmpeg/ffmpeg -ss 00:00:30.000 -fflags +genpts -noaccurate_seek -f matroska,webm -i file:"/media/movies/jellyfish-5-mbps-hd-hevc/jellyfish-5-mbps-hd-hevc.mkv" -map_metadata -1 -map_chapters -1 -threads 0 -map 0:0 -map -0:a -map -0:s -codec:v:0 copy -tag:v:0 hvc1 -bsf:v hevc_mp4toannexb -start_at_zero -vsync -1  -copyts -avoid_negative_ts disabled -max_muxing_queue_size 2048 -f hls -max_delay 5000000 -hls_time 6 -hls_segment_type mpegts -start_number 5 -hls_segment_filename "/config/data/transcodes/aaff979e2784263be039d1f773b0bc3b%d.ts" -hls_playlist_type vod -hls_list_size 0 -y "/config/data/transcodes/aaff979e2784263be039d1f773b0bc3b.m3u8"
[2021-09-08 16:46:39.812 +02:00] [INF] [177] Jellyfin.Api.Helpers.TranscodingJobHelper: FFmpeg exited with code 0
[2021-09-08 16:50:31.148 +02:00] [INF] [154] Emby.Server.Implementations.Session.SessionManager: Playback stopped reported by app "ABJC" "1.0.0" playing "Jellyfish 5MBPS HD HEVC". Stopped at "0" ms
[2021-09-08 16:50:43.950 +02:00] [INF] [143] Jellyfin.Api.Controllers.MediaInfoController: GetPostedPlaybackInfo profile: DeviceProfile { Name: null, Id: null, Identification: null, FriendlyName: null, Manufacturer: null, ManufacturerUrl: null, ModelName: null, ModelDescription: null, ModelNumber: null, ModelUrl: null, SerialNumber: null, EnableAlbumArtInDidl: False, EnableSingleAlbumArtLimit: False, EnableSingleSubtitleLimit: False, SupportedMediaTypes: "Audio,Photo,Video", UserId: null, AlbumArtPn: null, MaxAlbumArtWidth: 0, MaxAlbumArtHeight: 0, MaxIconWidth: null, MaxIconHeight: null, MaxStreamingBitrate: 120000000, MaxStaticBitrate: 100000000, MusicStreamingTranscodingBitrate: 384000, MaxStaticMusicBitrate: null, SonyAggregationFlags: null, ProtocolInfo: null, TimelineOffsetSeconds: 0, RequiresPlainVideoItems: False, RequiresPlainFolders: False, EnableMSMediaReceiverRegistrar: False, IgnoreTranscodeByteRangeRequests: False, XmlRootAttributes: [], DirectPlayProfiles: [DirectPlayProfile { Container: "mp4,m4v", AudioCodec: "aac,mp3,ac3,eac3,flac,alac", VideoCodec: "h264", Type: Video }, DirectPlayProfile { Container: "mov", AudioCodec: "aac,mp3,ac3,eac3,flac,alac", VideoCodec: "h264", Type: Video }, DirectPlayProfile { Container: "mp3", AudioCodec: null, VideoCodec: null, Type: Audio }, DirectPlayProfile { Container: "aac", AudioCodec: null, VideoCodec: null, Type: Audio }, DirectPlayProfile { Container: "m4a", AudioCodec: "aac", VideoCodec: null, Type: Audio }, DirectPlayProfile { Container: "m4b", AudioCodec: "aac", VideoCodec: null, Type: Audio }, DirectPlayProfile { Container: "flac", AudioCodec: null, VideoCodec: null, Type: Audio }, DirectPlayProfile { Container: "alac", AudioCodec: null, VideoCodec: null, Type: Audio }, DirectPlayProfile { Container: "m4a", AudioCodec: "alac", VideoCodec: null, Type: Audio }, DirectPlayProfile { Container: "m4b", AudioCodec: "alac", VideoCodec: null, Type: Audio }, DirectPlayProfile { Container: "webma", AudioCodec: null, VideoCodec: null, Type: Audio }, DirectPlayProfile { Container: "webm", AudioCodec: "webma", VideoCodec: null, Type: Audio }, DirectPlayProfile { Container: "wav", AudioCodec: null, VideoCodec: null, Type: Audio }], TranscodingProfiles: [TranscodingProfile { Container: "aac", Type: Audio, VideoCodec: null, AudioCodec: "aac", Protocol: "hls", EstimateContentLength: False, EnableMpegtsM2TsMode: False, TranscodeSeekInfo: Auto, CopyTimestamps: False, Context: Streaming, EnableSubtitlesInManifest: False, MaxAudioChannels: "6", MinSegments: 2, SegmentLength: 0, BreakOnNonKeyFrames: True }, TranscodingProfile { Container: "aac", Type: Audio, VideoCodec: null, AudioCodec: "aac", Protocol: "http", EstimateContentLength: False, EnableMpegtsM2TsMode: False, TranscodeSeekInfo: Auto, CopyTimestamps: False, Context: Streaming, EnableSubtitlesInManifest: False, MaxAudioChannels: "6", MinSegments: 0, SegmentLength: 0, BreakOnNonKeyFrames: False }, TranscodingProfile { Container: "mp3", Type: Audio, VideoCodec: null, AudioCodec: "mp3", Protocol: "http", EstimateContentLength: False, EnableMpegtsM2TsMode: False, TranscodeSeekInfo: Auto, CopyTimestamps: False, Context: Streaming, EnableSubtitlesInManifest: False, MaxAudioChannels: "6", MinSegments: 0, SegmentLength: 0, BreakOnNonKeyFrames: False }, TranscodingProfile { Container: "wav", Type: Audio, VideoCodec: null, AudioCodec: "wav", Protocol: "http", EstimateContentLength: False, EnableMpegtsM2TsMode: False, TranscodeSeekInfo: Auto, CopyTimestamps: False, Context: Streaming, EnableSubtitlesInManifest: False, MaxAudioChannels: "6", MinSegments: 0, SegmentLength: 0, BreakOnNonKeyFrames: False }, TranscodingProfile { Container: "mp3", Type: Audio, VideoCodec: null, AudioCodec: "mp3", Protocol: "http", EstimateContentLength: False, EnableMpegtsM2TsMode: False, TranscodeSeekInfo: Auto, CopyTimestamps: False, Context: Static, EnableSubtitlesInManifest: False, MaxAudioChannels: "6", MinSegments: 0, SegmentLength: 0, BreakOnNonKeyFrames: False }, TranscodingProfile { Container: "aac", Type: Audio, VideoCodec: null, AudioCodec: "aac", Protocol: "http", EstimateContentLength: False, EnableMpegtsM2TsMode: False, TranscodeSeekInfo: Auto, CopyTimestamps: False, Context: Static, EnableSubtitlesInManifest: False, MaxAudioChannels: "6", MinSegments: 0, SegmentLength: 0, BreakOnNonKeyFrames: False }, TranscodingProfile { Container: "wav", Type: Audio, VideoCodec: null, AudioCodec: "wav", Protocol: "http", EstimateContentLength: False, EnableMpegtsM2TsMode: False, TranscodeSeekInfo: Auto, CopyTimestamps: False, Context: Static, EnableSubtitlesInManifest: False, MaxAudioChannels: "6", MinSegments: 0, SegmentLength: 0, BreakOnNonKeyFrames: False }, TranscodingProfile { Container: "ts", Type: Video, VideoCodec: "h264", AudioCodec: "aac,mp3,ac3,eac3", Protocol: "hls", EstimateContentLength: False, EnableMpegtsM2TsMode: False, TranscodeSeekInfo: Auto, CopyTimestamps: False, Context: Streaming, EnableSubtitlesInManifest: False, MaxAudioChannels: "6", MinSegments: 2, SegmentLength: 0, BreakOnNonKeyFrames: True }, TranscodingProfile { Container: "mp4", Type: Video, VideoCodec: "h264", AudioCodec: "aac,mp3,ac3,eac3,flac,alac", Protocol: "http", EstimateContentLength: False, EnableMpegtsM2TsMode: False, TranscodeSeekInfo: Auto, CopyTimestamps: False, Context: Static, EnableSubtitlesInManifest: False, MaxAudioChannels: null, MinSegments: 0, SegmentLength: 0, BreakOnNonKeyFrames: False }], ContainerProfiles: [], CodecProfiles: [CodecProfile { Type: Video, Conditions: [ProfileCondition { Condition: NotEquals, Property: IsAnamorphic, Value: "true", IsRequired: False }, ProfileCondition { Condition: EqualsAny, Property: VideoProfile, Value: "high|main|baseline|constrained baseline", IsRequired: False }, ProfileCondition { Condition: LessThanEqual, Property: VideoLevel, Value: "51", IsRequired: False }, ProfileCondition { Condition: NotEquals, Property: IsInterlaced, Value: "true", IsRequired: False }], ApplyConditions: [], Codec: "h264", Container: null }, CodecProfile { Type: Video, Conditions: [ProfileCondition { Condition: NotEquals, Property: IsAnamorphic, Value: "true", IsRequired: False }, ProfileCondition { Condition: EqualsAny, Property: VideoProfile, Value: "main|main 10", IsRequired: False }, ProfileCondition { Condition: LessThanEqual, Property: VideoLevel, Value: "183", IsRequired: False }, ProfileCondition { Condition: NotEquals, Property: IsInterlaced, Value: "true", IsRequired: False }], ApplyConditions: [], Codec: "hevc", Container: null }], ResponseProfiles: [ResponseProfile { Container: "m4v", AudioCodec: null, VideoCodec: null, Type: Video, OrgPn: null, MimeType: "video/mp4", Conditions: [] }], SubtitleProfiles: [SubtitleProfile { Format: "vtt", Method: External, DidlMode: null, Language: null, Container: null }, SubtitleProfile { Format: "ass", Method: External, DidlMode: null, Language: null, Container: null }, SubtitleProfile { Format: "ssa", Method: External, DidlMode: null, Language: null, Container: null }] }
[2021-09-08 16:50:43.963 +02:00] [INF] [143] Jellyfin.Api.Helpers.MediaInfoHelper: User policy for "jellyfin". EnablePlaybackRemuxing: True EnableVideoPlaybackTranscoding: True EnableAudioPlaybackTranscoding: True
[2021-09-08 16:50:43.971 +02:00] [INF] [143] Jellyfin.Api.Helpers.MediaInfoHelper: Profile: "Unknown Profile", Path: "/media/movies/jellyfish-5-mbps-hd-h264/jellyfish-5-mbps-hd-h264.mkv", isEligibleForDirectPlay: True, isEligibleForDirectStream: True
[2021-09-08 16:50:43.976 +02:00] [INF] [143] Jellyfin.Api.Helpers.MediaInfoHelper: Profile: "Unknown Profile", No video direct play profiles found for "/media/movies/jellyfish-5-mbps-hd-h264/jellyfish-5-mbps-hd-h264.mkv" with codec "h264"
[2021-09-08 16:50:43.989 +02:00] [INF] [143] Jellyfin.Api.Helpers.MediaInfoHelper: Profile: "Unknown Profile", Path: "/media/movies/jellyfish-5-mbps-hd-h264/jellyfish-5-mbps-hd-h264.mkv", isEligibleForDirectPlay: True, isEligibleForDirectStream: True
[2021-09-08 16:50:43.989 +02:00] [INF] [143] Jellyfin.Api.Helpers.MediaInfoHelper: Profile: "Unknown Profile", No video direct play profiles found for "/media/movies/jellyfish-5-mbps-hd-h264/jellyfish-5-mbps-hd-h264.mkv" with codec "h264"
[2021-09-08 16:50:43.989 +02:00] [INF] [143] Jellyfin.Api.Helpers.MediaInfoHelper: Profile: "Unknown Profile", Path: "/media/movies/jellyfish-5-mbps-hd-h264/jellyfish-5-mbps-hd-h264.mkv", isEligibleForDirectPlay: True, isEligibleForDirectStream: True
[2021-09-08 16:50:43.989 +02:00] [INF] [143] Jellyfin.Api.Helpers.MediaInfoHelper: Profile: "Unknown Profile", No video direct play profiles found for "/media/movies/jellyfish-5-mbps-hd-h264/jellyfish-5-mbps-hd-h264.mkv" with codec "h264"
[2021-09-08 16:50:45.174 +02:00] [INF] [134] Jellyfin.Api.Controllers.DynamicHlsController: Current HLS implementation doesn't support non-keyframe breaks but one is requested, ignoring that request
[2021-09-08 16:50:45.174 +02:00] [INF] [134] Jellyfin.Api.Helpers.TranscodingJobHelper: /usr/lib/jellyfin-ffmpeg/ffmpeg -fflags +genpts -f matroska,webm -i file:"/media/movies/jellyfish-5-mbps-hd-h264/jellyfish-5-mbps-hd-h264.mkv" -map_metadata -1 -map_chapters -1 -threads 0 -map 0:0 -map -0:a -map -0:s -codec:v:0 copy -start_at_zero -vsync -1  -copyts -avoid_negative_ts disabled -max_muxing_queue_size 2048 -f hls -max_delay 5000000 -hls_time 6 -hls_segment_type mpegts -start_number 0 -hls_segment_filename "/config/data/transcodes/16680485aa215fd2798847a1d0f6f2d9%d.ts" -hls_playlist_type vod -hls_list_size 0 -y "/config/data/transcodes/16680485aa215fd2798847a1d0f6f2d9.m3u8"
[2021-09-08 16:50:45.210 +02:00] [INF] [140] Jellyfin.Api.Helpers.TranscodingJobHelper: FFmpeg exited with code 0
[2021-09-08 16:50:46.165 +02:00] [INF] [123] Jellyfin.Api.Controllers.DynamicHlsController: Current HLS implementation doesn't support non-keyframe breaks but one is requested, ignoring that request
[2021-09-08 16:50:46.165 +02:00] [INF] [123] Jellyfin.Api.Helpers.TranscodingJobHelper: /usr/lib/jellyfin-ffmpeg/ffmpeg -ss 00:00:30.000 -fflags +genpts -noaccurate_seek -f matroska,webm -i file:"/media/movies/jellyfish-5-mbps-hd-h264/jellyfish-5-mbps-hd-h264.mkv" -map_metadata -1 -map_chapters -1 -threads 0 -map 0:0 -map -0:a -map -0:s -codec:v:0 copy -start_at_zero -vsync -1  -copyts -avoid_negative_ts disabled -max_muxing_queue_size 2048 -f hls -max_delay 5000000 -hls_time 6 -hls_segment_type mpegts -start_number 5 -hls_segment_filename "/config/data/transcodes/16680485aa215fd2798847a1d0f6f2d9%d.ts" -hls_playlist_type vod -hls_list_size 0 -y "/config/data/transcodes/16680485aa215fd2798847a1d0f6f2d9.m3u8"
[2021-09-08 16:50:46.187 +02:00] [INF] [124] Jellyfin.Api.Helpers.TranscodingJobHelper: FFmpeg exited with code 0
[2021-09-08 16:50:56.911 +02:00] [INF] [127] Jellyfin.Api.Helpers.TranscodingJobHelper: Deleting partial stream file(s) "/config/data/transcodes/16680485aa215fd2798847a1d0f6f2d9.m3u8"
[2021-09-08 16:50:58.417 +02:00] [INF] [154] Emby.Server.Implementations.Session.SessionManager: Playback stopped reported by app "Jellyfin Web" "10.7.6" playing "Jellyfish 5MBPS HD H264". Stopped at "8958" ms
[2021-09-08 16:50:58.443 +02:00] [WRN] [154] Jellyfin.Server.Middleware.ResponseTimeMiddleware: Slow HTTP Response from "http://192.168.178.35:8096/Sessions/Playing/Stopped" to "192.168.178.38" in 0:00:01.545181 with Status Code 204
[2021-09-08 16:51:46.105 +02:00] [INF] [131] Emby.Server.Implementations.Session.SessionManager: Playback stopped reported by app "ABJC" "1.0.0" playing "Jellyfish 5MBPS HD HEVC". Stopped at "0" ms
[2021-09-08 16:51:56.227 +02:00] [INF] [131] Emby.Server.Implementations.Session.SessionManager: Playback stopped reported by app "ABJC" "1.0.0" playing "Jellyfish 5MBPS HD HEVC". Stopped at "0" ms
[2021-09-08 17:05:09.943 +02:00] [INF] [202] Jellyfin.Api.Controllers.DynamicHlsController: Current HLS implementation doesn't support non-keyframe breaks but one is requested, ignoring that request
[2021-09-08 17:05:09.951 +02:00] [INF] [202] Jellyfin.Api.Helpers.TranscodingJobHelper: /usr/lib/jellyfin-ffmpeg/ffmpeg -f matroska,webm -i file:"/media/movies/jellyfish-5-mbps-hd-h264/jellyfish-5-mbps-hd-h264.mkv" -map_metadata -1 -map_chapters -1 -threads 0 -map 0:0 -map -0:a -map -0:s -codec:v:0 avc1 -pix_fmt yuv420p -b:v 4976125 -maxrate 4976125 -bufsize 9952250  -force_key_frames:0 "expr:gte(t,0+n_forced*3)" -g:v:0 90 -keyint_min:v:0 90 -sc_threshold:v:0 0 -vf "scale=trunc(min(max(iw\,ih*dar)\,min(1920\,1080*dar))/2)*2:trunc(min(max(iw/dar\,ih)\,min(1920/dar\,1080))/2)*2" -start_at_zero -vsync -1  -copyts -avoid_negative_ts disabled -max_muxing_queue_size 2048 -f hls -max_delay 5000000 -hls_time 3 -hls_segment_type mpegts -start_number 0 -hls_segment_filename "/config/data/transcodes/94021e553fa2e34b90ae5129dc6af5b7%d.ts" -hls_playlist_type vod -hls_list_size 0 -y "/config/data/transcodes/94021e553fa2e34b90ae5129dc6af5b7.m3u8"
[2021-09-08 17:05:09.972 +02:00] [ERR] [203] Jellyfin.Api.Helpers.TranscodingJobHelper: FFmpeg exited with code 1
[2021-09-08 17:05:10.058 +02:00] [WRN] [203] Jellyfin.Api.Controllers.DynamicHlsController: cannot serve "/config/data/transcodes/94021e553fa2e34b90ae5129dc6af5b70.ts" as transcoding quit before we got there
[2021-09-08 17:05:10.059 +02:00] [ERR] [203] Jellyfin.Server.Middleware.ExceptionMiddleware: Error processing request: "Could not find file '/config/data/transcodes/94021e553fa2e34b90ae5129dc6af5b70.ts'". URL "GET" "/videos/ac3dd1e57ac918235f969cb1428943ca/hls1/main/0.ts".
[2021-09-08 17:05:11.097 +02:00] [INF] [199] Jellyfin.Api.Controllers.DynamicHlsController: Current HLS implementation doesn't support non-keyframe breaks but one is requested, ignoring that request
[2021-09-08 17:05:11.098 +02:00] [INF] [199] Jellyfin.Api.Helpers.TranscodingJobHelper: /usr/lib/jellyfin-ffmpeg/ffmpeg -f matroska,webm -i file:"/media/movies/jellyfish-5-mbps-hd-h264/jellyfish-5-mbps-hd-h264.mkv" -map_metadata -1 -map_chapters -1 -threads 0 -map 0:0 -map -0:a -map -0:s -codec:v:0 avc1 -pix_fmt yuv420p -b:v 4976125 -maxrate 4976125 -bufsize 9952250  -force_key_frames:0 "expr:gte(t,0+n_forced*3)" -g:v:0 90 -keyint_min:v:0 90 -sc_threshold:v:0 0 -vf "scale=trunc(min(max(iw\,ih*dar)\,min(1920\,1080*dar))/2)*2:trunc(min(max(iw/dar\,ih)\,min(1920/dar\,1080))/2)*2" -start_at_zero -vsync -1  -copyts -avoid_negative_ts disabled -max_muxing_queue_size 2048 -f hls -max_delay 5000000 -hls_time 3 -hls_segment_type mpegts -start_number 0 -hls_segment_filename "/config/data/transcodes/94021e553fa2e34b90ae5129dc6af5b7%d.ts" -hls_playlist_type vod -hls_list_size 0 -y "/config/data/transcodes/94021e553fa2e34b90ae5129dc6af5b7.m3u8"
[2021-09-08 17:05:11.118 +02:00] [ERR] [199] Jellyfin.Api.Helpers.TranscodingJobHelper: FFmpeg exited with code 1
[2021-09-08 17:05:11.204 +02:00] [WRN] [204] Jellyfin.Api.Controllers.DynamicHlsController: cannot serve "/config/data/transcodes/94021e553fa2e34b90ae5129dc6af5b70.ts" as transcoding quit before we got there
[2021-09-08 17:05:11.205 +02:00] [ERR] [204] Jellyfin.Server.Middleware.ExceptionMiddleware: Error processing request: "Could not find file '/config/data/transcodes/94021e553fa2e34b90ae5129dc6af5b70.ts'". URL "GET" "/videos/ac3dd1e57ac918235f969cb1428943ca/hls1/main/0.ts".
[2021-09-08 17:05:13.232 +02:00] [INF] [199] Jellyfin.Api.Controllers.DynamicHlsController: Current HLS implementation doesn't support non-keyframe breaks but one is requested, ignoring that request
[2021-09-08 17:05:13.233 +02:00] [INF] [199] Jellyfin.Api.Helpers.TranscodingJobHelper: /usr/lib/jellyfin-ffmpeg/ffmpeg -f matroska,webm -i file:"/media/movies/jellyfish-5-mbps-hd-h264/jellyfish-5-mbps-hd-h264.mkv" -map_metadata -1 -map_chapters -1 -threads 0 -map 0:0 -map -0:a -map -0:s -codec:v:0 avc1 -pix_fmt yuv420p -b:v 4976125 -maxrate 4976125 -bufsize 9952250  -force_key_frames:0 "expr:gte(t,0+n_forced*3)" -g:v:0 90 -keyint_min:v:0 90 -sc_threshold:v:0 0 -vf "scale=trunc(min(max(iw\,ih*dar)\,min(1920\,1080*dar))/2)*2:trunc(min(max(iw/dar\,ih)\,min(1920/dar\,1080))/2)*2" -start_at_zero -vsync -1  -copyts -avoid_negative_ts disabled -max_muxing_queue_size 2048 -f hls -max_delay 5000000 -hls_time 3 -hls_segment_type mpegts -start_number 0 -hls_segment_filename "/config/data/transcodes/94021e553fa2e34b90ae5129dc6af5b7%d.ts" -hls_playlist_type vod -hls_list_size 0 -y "/config/data/transcodes/94021e553fa2e34b90ae5129dc6af5b7.m3u8"
[2021-09-08 17:05:13.253 +02:00] [ERR] [197] Jellyfin.Api.Helpers.TranscodingJobHelper: FFmpeg exited with code 1
[2021-09-08 17:05:13.339 +02:00] [WRN] [197] Jellyfin.Api.Controllers.DynamicHlsController: cannot serve "/config/data/transcodes/94021e553fa2e34b90ae5129dc6af5b70.ts" as transcoding quit before we got there
[2021-09-08 17:05:13.339 +02:00] [ERR] [197] Jellyfin.Server.Middleware.ExceptionMiddleware: Error processing request: "Could not find file '/config/data/transcodes/94021e553fa2e34b90ae5129dc6af5b70.ts'". URL "GET" "/videos/ac3dd1e57ac918235f969cb1428943ca/hls1/main/0.ts".
[2021-09-08 17:05:16.370 +02:00] [INF] [202] Jellyfin.Api.Controllers.DynamicHlsController: Current HLS implementation doesn't support non-keyframe breaks but one is requested, ignoring that request
[2021-09-08 17:05:16.371 +02:00] [INF] [202] Jellyfin.Api.Helpers.TranscodingJobHelper: /usr/lib/jellyfin-ffmpeg/ffmpeg -f matroska,webm -i file:"/media/movies/jellyfish-5-mbps-hd-h264/jellyfish-5-mbps-hd-h264.mkv" -map_metadata -1 -map_chapters -1 -threads 0 -map 0:0 -map -0:a -map -0:s -codec:v:0 avc1 -pix_fmt yuv420p -b:v 4976125 -maxrate 4976125 -bufsize 9952250  -force_key_frames:0 "expr:gte(t,0+n_forced*3)" -g:v:0 90 -keyint_min:v:0 90 -sc_threshold:v:0 0 -vf "scale=trunc(min(max(iw\,ih*dar)\,min(1920\,1080*dar))/2)*2:trunc(min(max(iw/dar\,ih)\,min(1920/dar\,1080))/2)*2" -start_at_zero -vsync -1  -copyts -avoid_negative_ts disabled -max_muxing_queue_size 2048 -f hls -max_delay 5000000 -hls_time 3 -hls_segment_type mpegts -start_number 0 -hls_segment_filename "/config/data/transcodes/94021e553fa2e34b90ae5129dc6af5b7%d.ts" -hls_playlist_type vod -hls_list_size 0 -y "/config/data/transcodes/94021e553fa2e34b90ae5129dc6af5b7.m3u8"
[2021-09-08 17:05:16.391 +02:00] [ERR] [197] Jellyfin.Api.Helpers.TranscodingJobHelper: FFmpeg exited with code 1
[2021-09-08 17:05:16.477 +02:00] [WRN] [197] Jellyfin.Api.Controllers.DynamicHlsController: cannot serve "/config/data/transcodes/94021e553fa2e34b90ae5129dc6af5b70.ts" as transcoding quit before we got there
[2021-09-08 17:05:16.477 +02:00] [ERR] [197] Jellyfin.Server.Middleware.ExceptionMiddleware: Error processing request: "Could not find file '/config/data/transcodes/94021e553fa2e34b90ae5129dc6af5b70.ts'". URL "GET" "/videos/ac3dd1e57ac918235f969cb1428943ca/hls1/main/0.ts".
[2021-09-08 17:05:20.509 +02:00] [INF] [197] Jellyfin.Api.Controllers.DynamicHlsController: Current HLS implementation doesn't support non-keyframe breaks but one is requested, ignoring that request
[2021-09-08 17:05:20.509 +02:00] [INF] [197] Jellyfin.Api.Helpers.TranscodingJobHelper: /usr/lib/jellyfin-ffmpeg/ffmpeg -f matroska,webm -i file:"/media/movies/jellyfish-5-mbps-hd-h264/jellyfish-5-mbps-hd-h264.mkv" -map_metadata -1 -map_chapters -1 -threads 0 -map 0:0 -map -0:a -map -0:s -codec:v:0 avc1 -pix_fmt yuv420p -b:v 4976125 -maxrate 4976125 -bufsize 9952250  -force_key_frames:0 "expr:gte(t,0+n_forced*3)" -g:v:0 90 -keyint_min:v:0 90 -sc_threshold:v:0 0 -vf "scale=trunc(min(max(iw\,ih*dar)\,min(1920\,1080*dar))/2)*2:trunc(min(max(iw/dar\,ih)\,min(1920/dar\,1080))/2)*2" -start_at_zero -vsync -1  -copyts -avoid_negative_ts disabled -max_muxing_queue_size 2048 -f hls -max_delay 5000000 -hls_time 3 -hls_segment_type mpegts -start_number 0 -hls_segment_filename "/config/data/transcodes/94021e553fa2e34b90ae5129dc6af5b7%d.ts" -hls_playlist_type vod -hls_list_size 0 -y "/config/data/transcodes/94021e553fa2e34b90ae5129dc6af5b7.m3u8"
[2021-09-08 17:05:20.530 +02:00] [ERR] [202] Jellyfin.Api.Helpers.TranscodingJobHelper: FFmpeg exited with code 1
[2021-09-08 17:05:20.616 +02:00] [WRN] [202] Jellyfin.Api.Controllers.DynamicHlsController: cannot serve "/config/data/transcodes/94021e553fa2e34b90ae5129dc6af5b70.ts" as transcoding quit before we got there
[2021-09-08 17:05:20.617 +02:00] [ERR] [202] Jellyfin.Server.Middleware.ExceptionMiddleware: Error processing request: "Could not find file '/config/data/transcodes/94021e553fa2e34b90ae5129dc6af5b70.ts'". URL "GET" "/videos/ac3dd1e57ac918235f969cb1428943ca/hls1/main/0.ts".
[2021-09-08 17:05:25.637 +02:00] [INF] [199] Jellyfin.Api.Controllers.DynamicHlsController: Current HLS implementation doesn't support non-keyframe breaks but one is requested, ignoring that request
[2021-09-08 17:05:25.637 +02:00] [INF] [199] Jellyfin.Api.Helpers.TranscodingJobHelper: /usr/lib/jellyfin-ffmpeg/ffmpeg -f matroska,webm -i file:"/media/movies/jellyfish-5-mbps-hd-h264/jellyfish-5-mbps-hd-h264.mkv" -map_metadata -1 -map_chapters -1 -threads 0 -map 0:0 -map -0:a -map -0:s -codec:v:0 avc1 -pix_fmt yuv420p -b:v 4976125 -maxrate 4976125 -bufsize 9952250  -force_key_frames:0 "expr:gte(t,0+n_forced*3)" -g:v:0 90 -keyint_min:v:0 90 -sc_threshold:v:0 0 -vf "scale=trunc(min(max(iw\,ih*dar)\,min(1920\,1080*dar))/2)*2:trunc(min(max(iw/dar\,ih)\,min(1920/dar\,1080))/2)*2" -start_at_zero -vsync -1  -copyts -avoid_negative_ts disabled -max_muxing_queue_size 2048 -f hls -max_delay 5000000 -hls_time 3 -hls_segment_type mpegts -start_number 0 -hls_segment_filename "/config/data/transcodes/94021e553fa2e34b90ae5129dc6af5b7%d.ts" -hls_playlist_type vod -hls_list_size 0 -y "/config/data/transcodes/94021e553fa2e34b90ae5129dc6af5b7.m3u8"
[2021-09-08 17:05:25.658 +02:00] [ERR] [197] Jellyfin.Api.Helpers.TranscodingJobHelper: FFmpeg exited with code 1
[2021-09-08 17:05:25.744 +02:00] [WRN] [197] Jellyfin.Api.Controllers.DynamicHlsController: cannot serve "/config/data/transcodes/94021e553fa2e34b90ae5129dc6af5b70.ts" as transcoding quit before we got there
[2021-09-08 17:05:25.745 +02:00] [ERR] [197] Jellyfin.Server.Middleware.ExceptionMiddleware: Error processing request: "Could not find file '/config/data/transcodes/94021e553fa2e34b90ae5129dc6af5b70.ts'". URL "GET" "/videos/ac3dd1e57ac918235f969cb1428943ca/hls1/main/0.ts".
[2021-09-08 17:05:30.782 +02:00] [INF] [199] Jellyfin.Api.Controllers.DynamicHlsController: Current HLS implementation doesn't support non-keyframe breaks but one is requested, ignoring that request
[2021-09-08 17:05:30.783 +02:00] [INF] [199] Jellyfin.Api.Helpers.TranscodingJobHelper: /usr/lib/jellyfin-ffmpeg/ffmpeg -f matroska,webm -i file:"/media/movies/jellyfish-5-mbps-hd-h264/jellyfish-5-mbps-hd-h264.mkv" -map_metadata -1 -map_chapters -1 -threads 0 -map 0:0 -map -0:a -map -0:s -codec:v:0 avc1 -pix_fmt yuv420p -b:v 4976125 -maxrate 4976125 -bufsize 9952250  -force_key_frames:0 "expr:gte(t,0+n_forced*3)" -g:v:0 90 -keyint_min:v:0 90 -sc_threshold:v:0 0 -vf "scale=trunc(min(max(iw\,ih*dar)\,min(1920\,1080*dar))/2)*2:trunc(min(max(iw/dar\,ih)\,min(1920/dar\,1080))/2)*2" -start_at_zero -vsync -1  -copyts -avoid_negative_ts disabled -max_muxing_queue_size 2048 -f hls -max_delay 5000000 -hls_time 3 -hls_segment_type mpegts -start_number 0 -hls_segment_filename "/config/data/transcodes/94021e553fa2e34b90ae5129dc6af5b7%d.ts" -hls_playlist_type vod -hls_list_size 0 -y "/config/data/transcodes/94021e553fa2e34b90ae5129dc6af5b7.m3u8"
[2021-09-08 17:05:30.804 +02:00] [ERR] [199] Jellyfin.Api.Helpers.TranscodingJobHelper: FFmpeg exited with code 1
[2021-09-08 17:05:30.889 +02:00] [WRN] [199] Jellyfin.Api.Controllers.DynamicHlsController: cannot serve "/config/data/transcodes/94021e553fa2e34b90ae5129dc6af5b70.ts" as transcoding quit before we got there
[2021-09-08 17:05:30.890 +02:00] [ERR] [199] Jellyfin.Server.Middleware.ExceptionMiddleware: Error processing request: "Could not find file '/config/data/transcodes/94021e553fa2e34b90ae5129dc6af5b70.ts'". URL "GET" "/videos/ac3dd1e57ac918235f969cb1428943ca/hls1/main/0.ts".
[2021-09-08 17:05:35.919 +02:00] [INF] [202] Jellyfin.Api.Controllers.DynamicHlsController: Current HLS implementation doesn't support non-keyframe breaks but one is requested, ignoring that request
[2021-09-08 17:05:35.920 +02:00] [INF] [202] Jellyfin.Api.Helpers.TranscodingJobHelper: /usr/lib/jellyfin-ffmpeg/ffmpeg -f matroska,webm -i file:"/media/movies/jellyfish-5-mbps-hd-h264/jellyfish-5-mbps-hd-h264.mkv" -map_metadata -1 -map_chapters -1 -threads 0 -map 0:0 -map -0:a -map -0:s -codec:v:0 avc1 -pix_fmt yuv420p -b:v 4976125 -maxrate 4976125 -bufsize 9952250  -force_key_frames:0 "expr:gte(t,0+n_forced*3)" -g:v:0 90 -keyint_min:v:0 90 -sc_threshold:v:0 0 -vf "scale=trunc(min(max(iw\,ih*dar)\,min(1920\,1080*dar))/2)*2:trunc(min(max(iw/dar\,ih)\,min(1920/dar\,1080))/2)*2" -start_at_zero -vsync -1  -copyts -avoid_negative_ts disabled -max_muxing_queue_size 2048 -f hls -max_delay 5000000 -hls_time 3 -hls_segment_type mpegts -start_number 0 -hls_segment_filename "/config/data/transcodes/94021e553fa2e34b90ae5129dc6af5b7%d.ts" -hls_playlist_type vod -hls_list_size 0 -y "/config/data/transcodes/94021e553fa2e34b90ae5129dc6af5b7.m3u8"
[2021-09-08 17:05:35.941 +02:00] [ERR] [197] Jellyfin.Api.Helpers.TranscodingJobHelper: FFmpeg exited with code 1
[2021-09-08 17:05:36.026 +02:00] [WRN] [202] Jellyfin.Api.Controllers.DynamicHlsController: cannot serve "/config/data/transcodes/94021e553fa2e34b90ae5129dc6af5b70.ts" as transcoding quit before we got there
[2021-09-08 17:05:36.027 +02:00] [ERR] [202] Jellyfin.Server.Middleware.ExceptionMiddleware: Error processing request: "Could not find file '/config/data/transcodes/94021e553fa2e34b90ae5129dc6af5b70.ts'". URL "GET" "/videos/ac3dd1e57ac918235f969cb1428943ca/hls1/main/0.ts".
[2021-09-08 17:06:15.405 +02:00] [WRN] [32] Jellyfin.Api.Controllers.DynamicHlsController: cannot serve "/config/data/transcodes/aaff979e2784263be039d1f773b0bc3b0.ts" as it doesn't exist and no transcode is running
[2021-09-08 17:06:15.722 +02:00] [WRN] [34] Jellyfin.Api.Controllers.DynamicHlsController: cannot serve "/config/data/transcodes/aaff979e2784263be039d1f773b0bc3b1.ts" as it doesn't exist and no transcode is running
[2021-09-08 17:06:16.224 +02:00] [WRN] [17] Jellyfin.Api.Controllers.DynamicHlsController: cannot serve "/config/data/transcodes/aaff979e2784263be039d1f773b0bc3b2.ts" as it doesn't exist and no transcode is running
[2021-09-08 17:06:16.398 +02:00] [WRN] [17] Jellyfin.Api.Controllers.DynamicHlsController: cannot serve "/config/data/transcodes/aaff979e2784263be039d1f773b0bc3b3.ts" as it doesn't exist and no transcode is running
[2021-09-08 17:06:16.465 +02:00] [WRN] [28] Jellyfin.Api.Controllers.DynamicHlsController: cannot serve "/config/data/transcodes/aaff979e2784263be039d1f773b0bc3b4.ts" as it doesn't exist and no transcode is running
[2021-09-08 17:06:16.557 +02:00] [WRN] [36] Jellyfin.Api.Controllers.DynamicHlsController: cannot serve "/config/data/transcodes/aaff979e2784263be039d1f773b0bc3b5.ts" as it doesn't exist and no transcode is running
[2021-09-08 17:06:16.612 +02:00] [INF] [35] Jellyfin.Api.Controllers.DynamicHlsController: Current HLS implementation doesn't support non-keyframe breaks but one is requested, ignoring that request
[2021-09-08 17:06:16.613 +02:00] [INF] [35] Jellyfin.Api.Helpers.TranscodingJobHelper: /usr/lib/jellyfin-ffmpeg/ffmpeg -ss 00:00:18.000 -noaccurate_seek -f matroska,webm -i file:"/media/movies/jellyfish-5-mbps-hd-hevc/jellyfish-5-mbps-hd-hevc.mkv" -map_metadata -1 -map_chapters -1 -threads 0 -map 0:0 -map -0:a -map -0:s -codec:v:0 avc1 -pix_fmt yuv420p -b:v 7882720 -maxrate 7882720 -bufsize 15765440  -force_key_frames:0 "expr:gte(t,18+n_forced*3)" -g:v:0 90 -keyint_min:v:0 90 -sc_threshold:v:0 0 -vf "scale=trunc(min(max(iw\,ih*dar)\,min(1920\,1080*dar))/2)*2:trunc(min(max(iw/dar\,ih)\,min(1920/dar\,1080))/2)*2" -start_at_zero -vsync -1  -copyts -avoid_negative_ts disabled -max_muxing_queue_size 2048 -f hls -max_delay 5000000 -hls_time 3 -hls_segment_type mpegts -start_number 6 -hls_segment_filename "/config/data/transcodes/aaff979e2784263be039d1f773b0bc3b%d.ts" -hls_playlist_type vod -hls_list_size 0 -y "/config/data/transcodes/aaff979e2784263be039d1f773b0bc3b.m3u8"
[2021-09-08 17:06:16.624 +02:00] [ERR] [35] Jellyfin.Api.Helpers.TranscodingJobHelper: FFmpeg exited with code 1
[2021-09-08 17:06:16.718 +02:00] [WRN] [36] Jellyfin.Api.Controllers.DynamicHlsController: cannot serve "/config/data/transcodes/aaff979e2784263be039d1f773b0bc3b6.ts" as transcoding quit before we got there
[2021-09-08 17:06:16.719 +02:00] [ERR] [36] Jellyfin.Server.Middleware.ExceptionMiddleware: Error processing request: "Could not find file '/config/data/transcodes/aaff979e2784263be039d1f773b0bc3b6.ts'". URL "GET" "/videos/01996b62aa9b9f3fa57f3f35a2954a67/hls1/main/6.ts".
[2021-09-08 17:06:17.742 +02:00] [INF] [35] Jellyfin.Api.Controllers.DynamicHlsController: Current HLS implementation doesn't support non-keyframe breaks but one is requested, ignoring that request
[2021-09-08 17:06:17.742 +02:00] [INF] [35] Jellyfin.Api.Helpers.TranscodingJobHelper: /usr/lib/jellyfin-ffmpeg/ffmpeg -ss 00:00:18.000 -noaccurate_seek -f matroska,webm -i file:"/media/movies/jellyfish-5-mbps-hd-hevc/jellyfish-5-mbps-hd-hevc.mkv" -map_metadata -1 -map_chapters -1 -threads 0 -map 0:0 -map -0:a -map -0:s -codec:v:0 avc1 -pix_fmt yuv420p -b:v 7882720 -maxrate 7882720 -bufsize 15765440  -force_key_frames:0 "expr:gte(t,18+n_forced*3)" -g:v:0 90 -keyint_min:v:0 90 -sc_threshold:v:0 0 -vf "scale=trunc(min(max(iw\,ih*dar)\,min(1920\,1080*dar))/2)*2:trunc(min(max(iw/dar\,ih)\,min(1920/dar\,1080))/2)*2" -start_at_zero -vsync -1  -copyts -avoid_negative_ts disabled -max_muxing_queue_size 2048 -f hls -max_delay 5000000 -hls_time 3 -hls_segment_type mpegts -start_number 6 -hls_segment_filename "/config/data/transcodes/aaff979e2784263be039d1f773b0bc3b%d.ts" -hls_playlist_type vod -hls_list_size 0 -y "/config/data/transcodes/aaff979e2784263be039d1f773b0bc3b.m3u8"
[2021-09-08 17:06:17.754 +02:00] [ERR] [17] Jellyfin.Api.Helpers.TranscodingJobHelper: FFmpeg exited with code 1
[2021-09-08 17:06:17.849 +02:00] [WRN] [25] Jellyfin.Api.Controllers.DynamicHlsController: cannot serve "/config/data/transcodes/aaff979e2784263be039d1f773b0bc3b6.ts" as transcoding quit before we got there
[2021-09-08 17:06:17.850 +02:00] [ERR] [25] Jellyfin.Server.Middleware.ExceptionMiddleware: Error processing request: "Could not find file '/config/data/transcodes/aaff979e2784263be039d1f773b0bc3b6.ts'". URL "GET" "/videos/01996b62aa9b9f3fa57f3f35a2954a67/hls1/main/6.ts".
[2021-09-08 17:06:19.876 +02:00] [INF] [17] Jellyfin.Api.Controllers.DynamicHlsController: Current HLS implementation doesn't support non-keyframe breaks but one is requested, ignoring that request
[2021-09-08 17:06:19.876 +02:00] [INF] [17] Jellyfin.Api.Helpers.TranscodingJobHelper: /usr/lib/jellyfin-ffmpeg/ffmpeg -ss 00:00:18.000 -noaccurate_seek -f matroska,webm -i file:"/media/movies/jellyfish-5-mbps-hd-hevc/jellyfish-5-mbps-hd-hevc.mkv" -map_metadata -1 -map_chapters -1 -threads 0 -map 0:0 -map -0:a -map -0:s -codec:v:0 avc1 -pix_fmt yuv420p -b:v 7882720 -maxrate 7882720 -bufsize 15765440  -force_key_frames:0 "expr:gte(t,18+n_forced*3)" -g:v:0 90 -keyint_min:v:0 90 -sc_threshold:v:0 0 -vf "scale=trunc(min(max(iw\,ih*dar)\,min(1920\,1080*dar))/2)*2:trunc(min(max(iw/dar\,ih)\,min(1920/dar\,1080))/2)*2" -start_at_zero -vsync -1  -copyts -avoid_negative_ts disabled -max_muxing_queue_size 2048 -f hls -max_delay 5000000 -hls_time 3 -hls_segment_type mpegts -start_number 6 -hls_segment_filename "/config/data/transcodes/aaff979e2784263be039d1f773b0bc3b%d.ts" -hls_playlist_type vod -hls_list_size 0 -y "/config/data/transcodes/aaff979e2784263be039d1f773b0bc3b.m3u8"
[2021-09-08 17:06:19.888 +02:00] [ERR] [17] Jellyfin.Api.Helpers.TranscodingJobHelper: FFmpeg exited with code 1
[2021-09-08 17:06:19.983 +02:00] [WRN] [17] Jellyfin.Api.Controllers.DynamicHlsController: cannot serve "/config/data/transcodes/aaff979e2784263be039d1f773b0bc3b6.ts" as transcoding quit before we got there
[2021-09-08 17:06:19.984 +02:00] [ERR] [17] Jellyfin.Server.Middleware.ExceptionMiddleware: Error processing request: "Could not find file '/config/data/transcodes/aaff979e2784263be039d1f773b0bc3b6.ts'". URL "GET" "/videos/01996b62aa9b9f3fa57f3f35a2954a67/hls1/main/6.ts".
[2021-09-08 17:06:23.010 +02:00] [INF] [35] Jellyfin.Api.Controllers.DynamicHlsController: Current HLS implementation doesn't support non-keyframe breaks but one is requested, ignoring that request
[2021-09-08 17:06:23.010 +02:00] [INF] [35] Jellyfin.Api.Helpers.TranscodingJobHelper: /usr/lib/jellyfin-ffmpeg/ffmpeg -ss 00:00:18.000 -noaccurate_seek -f matroska,webm -i file:"/media/movies/jellyfish-5-mbps-hd-hevc/jellyfish-5-mbps-hd-hevc.mkv" -map_metadata -1 -map_chapters -1 -threads 0 -map 0:0 -map -0:a -map -0:s -codec:v:0 avc1 -pix_fmt yuv420p -b:v 7882720 -maxrate 7882720 -bufsize 15765440  -force_key_frames:0 "expr:gte(t,18+n_forced*3)" -g:v:0 90 -keyint_min:v:0 90 -sc_threshold:v:0 0 -vf "scale=trunc(min(max(iw\,ih*dar)\,min(1920\,1080*dar))/2)*2:trunc(min(max(iw/dar\,ih)\,min(1920/dar\,1080))/2)*2" -start_at_zero -vsync -1  -copyts -avoid_negative_ts disabled -max_muxing_queue_size 2048 -f hls -max_delay 5000000 -hls_time 3 -hls_segment_type mpegts -start_number 6 -hls_segment_filename "/config/data/transcodes/aaff979e2784263be039d1f773b0bc3b%d.ts" -hls_playlist_type vod -hls_list_size 0 -y "/config/data/transcodes/aaff979e2784263be039d1f773b0bc3b.m3u8"
[2021-09-08 17:06:23.023 +02:00] [ERR] [17] Jellyfin.Api.Helpers.TranscodingJobHelper: FFmpeg exited with code 1
[2021-09-08 17:06:23.117 +02:00] [WRN] [36] Jellyfin.Api.Controllers.DynamicHlsController: cannot serve "/config/data/transcodes/aaff979e2784263be039d1f773b0bc3b6.ts" as transcoding quit before we got there
[2021-09-08 17:06:23.118 +02:00] [ERR] [36] Jellyfin.Server.Middleware.ExceptionMiddleware: Error processing request: "Could not find file '/config/data/transcodes/aaff979e2784263be039d1f773b0bc3b6.ts'". URL "GET" "/videos/01996b62aa9b9f3fa57f3f35a2954a67/hls1/main/6.ts".
[2021-09-08 17:06:27.134 +02:00] [INF] [28] Jellyfin.Api.Controllers.DynamicHlsController: Current HLS implementation doesn't support non-keyframe breaks but one is requested, ignoring that request
[2021-09-08 17:06:27.134 +02:00] [INF] [28] Jellyfin.Api.Helpers.TranscodingJobHelper: /usr/lib/jellyfin-ffmpeg/ffmpeg -ss 00:00:18.000 -noaccurate_seek -f matroska,webm -i file:"/media/movies/jellyfish-5-mbps-hd-hevc/jellyfish-5-mbps-hd-hevc.mkv" -map_metadata -1 -map_chapters -1 -threads 0 -map 0:0 -map -0:a -map -0:s -codec:v:0 avc1 -pix_fmt yuv420p -b:v 7882720 -maxrate 7882720 -bufsize 15765440  -force_key_frames:0 "expr:gte(t,18+n_forced*3)" -g:v:0 90 -keyint_min:v:0 90 -sc_threshold:v:0 0 -vf "scale=trunc(min(max(iw\,ih*dar)\,min(1920\,1080*dar))/2)*2:trunc(min(max(iw/dar\,ih)\,min(1920/dar\,1080))/2)*2" -start_at_zero -vsync -1  -copyts -avoid_negative_ts disabled -max_muxing_queue_size 2048 -f hls -max_delay 5000000 -hls_time 3 -hls_segment_type mpegts -start_number 6 -hls_segment_filename "/config/data/transcodes/aaff979e2784263be039d1f773b0bc3b%d.ts" -hls_playlist_type vod -hls_list_size 0 -y "/config/data/transcodes/aaff979e2784263be039d1f773b0bc3b.m3u8"
[2021-09-08 17:06:27.146 +02:00] [ERR] [35] Jellyfin.Api.Helpers.TranscodingJobHelper: FFmpeg exited with code 1
[2021-09-08 17:06:27.241 +02:00] [WRN] [25] Jellyfin.Api.Controllers.DynamicHlsController: cannot serve "/config/data/transcodes/aaff979e2784263be039d1f773b0bc3b6.ts" as transcoding quit before we got there
[2021-09-08 17:06:27.242 +02:00] [ERR] [25] Jellyfin.Server.Middleware.ExceptionMiddleware: Error processing request: "Could not find file '/config/data/transcodes/aaff979e2784263be039d1f773b0bc3b6.ts'". URL "GET" "/videos/01996b62aa9b9f3fa57f3f35a2954a67/hls1/main/6.ts".
[2021-09-08 17:06:32.265 +02:00] [INF] [35] Jellyfin.Api.Controllers.DynamicHlsController: Current HLS implementation doesn't support non-keyframe breaks but one is requested, ignoring that request
[2021-09-08 17:06:32.265 +02:00] [INF] [35] Jellyfin.Api.Helpers.TranscodingJobHelper: /usr/lib/jellyfin-ffmpeg/ffmpeg -ss 00:00:18.000 -noaccurate_seek -f matroska,webm -i file:"/media/movies/jellyfish-5-mbps-hd-hevc/jellyfish-5-mbps-hd-hevc.mkv" -map_metadata -1 -map_chapters -1 -threads 0 -map 0:0 -map -0:a -map -0:s -codec:v:0 avc1 -pix_fmt yuv420p -b:v 7882720 -maxrate 7882720 -bufsize 15765440  -force_key_frames:0 "expr:gte(t,18+n_forced*3)" -g:v:0 90 -keyint_min:v:0 90 -sc_threshold:v:0 0 -vf "scale=trunc(min(max(iw\,ih*dar)\,min(1920\,1080*dar))/2)*2:trunc(min(max(iw/dar\,ih)\,min(1920/dar\,1080))/2)*2" -start_at_zero -vsync -1  -copyts -avoid_negative_ts disabled -max_muxing_queue_size 2048 -f hls -max_delay 5000000 -hls_time 3 -hls_segment_type mpegts -start_number 6 -hls_segment_filename "/config/data/transcodes/aaff979e2784263be039d1f773b0bc3b%d.ts" -hls_playlist_type vod -hls_list_size 0 -y "/config/data/transcodes/aaff979e2784263be039d1f773b0bc3b.m3u8"
[2021-09-08 17:06:32.276 +02:00] [ERR] [28] Jellyfin.Api.Helpers.TranscodingJobHelper: FFmpeg exited with code 1
[2021-09-08 17:06:32.371 +02:00] [WRN] [35] Jellyfin.Api.Controllers.DynamicHlsController: cannot serve "/config/data/transcodes/aaff979e2784263be039d1f773b0bc3b6.ts" as transcoding quit before we got there
[2021-09-08 17:06:32.372 +02:00] [ERR] [35] Jellyfin.Server.Middleware.ExceptionMiddleware: Error processing request: "Could not find file '/config/data/transcodes/aaff979e2784263be039d1f773b0bc3b6.ts'". URL "GET" "/videos/01996b62aa9b9f3fa57f3f35a2954a67/hls1/main/6.ts".
[2021-09-08 17:06:37.388 +02:00] [INF] [17] Jellyfin.Api.Controllers.DynamicHlsController: Current HLS implementation doesn't support non-keyframe breaks but one is requested, ignoring that request
[2021-09-08 17:06:37.388 +02:00] [INF] [17] Jellyfin.Api.Helpers.TranscodingJobHelper: /usr/lib/jellyfin-ffmpeg/ffmpeg -ss 00:00:18.000 -noaccurate_seek -f matroska,webm -i file:"/media/movies/jellyfish-5-mbps-hd-hevc/jellyfish-5-mbps-hd-hevc.mkv" -map_metadata -1 -map_chapters -1 -threads 0 -map 0:0 -map -0:a -map -0:s -codec:v:0 avc1 -pix_fmt yuv420p -b:v 7882720 -maxrate 7882720 -bufsize 15765440  -force_key_frames:0 "expr:gte(t,18+n_forced*3)" -g:v:0 90 -keyint_min:v:0 90 -sc_threshold:v:0 0 -vf "scale=trunc(min(max(iw\,ih*dar)\,min(1920\,1080*dar))/2)*2:trunc(min(max(iw/dar\,ih)\,min(1920/dar\,1080))/2)*2" -start_at_zero -vsync -1  -copyts -avoid_negative_ts disabled -max_muxing_queue_size 2048 -f hls -max_delay 5000000 -hls_time 3 -hls_segment_type mpegts -start_number 6 -hls_segment_filename "/config/data/transcodes/aaff979e2784263be039d1f773b0bc3b%d.ts" -hls_playlist_type vod -hls_list_size 0 -y "/config/data/transcodes/aaff979e2784263be039d1f773b0bc3b.m3u8"
[2021-09-08 17:06:37.401 +02:00] [ERR] [28] Jellyfin.Api.Helpers.TranscodingJobHelper: FFmpeg exited with code 1
[2021-09-08 17:06:37.495 +02:00] [WRN] [28] Jellyfin.Api.Controllers.DynamicHlsController: cannot serve "/config/data/transcodes/aaff979e2784263be039d1f773b0bc3b6.ts" as transcoding quit before we got there
[2021-09-08 17:06:37.496 +02:00] [ERR] [28] Jellyfin.Server.Middleware.ExceptionMiddleware: Error processing request: "Could not find file '/config/data/transcodes/aaff979e2784263be039d1f773b0bc3b6.ts'". URL "GET" "/videos/01996b62aa9b9f3fa57f3f35a2954a67/hls1/main/6.ts".
[2021-09-08 17:06:42.520 +02:00] [INF] [38] Jellyfin.Api.Controllers.DynamicHlsController: Current HLS implementation doesn't support non-keyframe breaks but one is requested, ignoring that request
[2021-09-08 17:06:42.521 +02:00] [INF] [38] Jellyfin.Api.Helpers.TranscodingJobHelper: /usr/lib/jellyfin-ffmpeg/ffmpeg -ss 00:00:18.000 -noaccurate_seek -f matroska,webm -i file:"/media/movies/jellyfish-5-mbps-hd-hevc/jellyfish-5-mbps-hd-hevc.mkv" -map_metadata -1 -map_chapters -1 -threads 0 -map 0:0 -map -0:a -map -0:s -codec:v:0 avc1 -pix_fmt yuv420p -b:v 7882720 -maxrate 7882720 -bufsize 15765440  -force_key_frames:0 "expr:gte(t,18+n_forced*3)" -g:v:0 90 -keyint_min:v:0 90 -sc_threshold:v:0 0 -vf "scale=trunc(min(max(iw\,ih*dar)\,min(1920\,1080*dar))/2)*2:trunc(min(max(iw/dar\,ih)\,min(1920/dar\,1080))/2)*2" -start_at_zero -vsync -1  -copyts -avoid_negative_ts disabled -max_muxing_queue_size 2048 -f hls -max_delay 5000000 -hls_time 3 -hls_segment_type mpegts -start_number 6 -hls_segment_filename "/config/data/transcodes/aaff979e2784263be039d1f773b0bc3b%d.ts" -hls_playlist_type vod -hls_list_size 0 -y "/config/data/transcodes/aaff979e2784263be039d1f773b0bc3b.m3u8"
[2021-09-08 17:06:42.533 +02:00] [ERR] [36] Jellyfin.Api.Helpers.TranscodingJobHelper: FFmpeg exited with code 1
[2021-09-08 17:06:42.627 +02:00] [WRN] [36] Jellyfin.Api.Controllers.DynamicHlsController: cannot serve "/config/data/transcodes/aaff979e2784263be039d1f773b0bc3b6.ts" as transcoding quit before we got there
[2021-09-08 17:06:42.628 +02:00] [ERR] [36] Jellyfin.Server.Middleware.ExceptionMiddleware: Error processing request: "Could not find file '/config/data/transcodes/aaff979e2784263be039d1f773b0bc3b6.ts'". URL "GET" "/videos/01996b62aa9b9f3fa57f3f35a2954a67/hls1/main/6.ts".
[2021-09-08 17:06:47.190 +02:00] [INF] [28] Jellyfin.Api.Auth.CustomAuthenticationHandler: AuthenticationScheme: "CustomAuthentication" was challenged.
[2021-09-08 17:06:47.643 +02:00] [INF] [17] Jellyfin.Api.Controllers.DynamicHlsController: Current HLS implementation doesn't support non-keyframe breaks but one is requested, ignoring that request
[2021-09-08 17:06:47.643 +02:00] [INF] [17] Jellyfin.Api.Helpers.TranscodingJobHelper: /usr/lib/jellyfin-ffmpeg/ffmpeg -ss 00:00:18.000 -noaccurate_seek -f matroska,webm -i file:"/media/movies/jellyfish-5-mbps-hd-hevc/jellyfish-5-mbps-hd-hevc.mkv" -map_metadata -1 -map_chapters -1 -threads 0 -map 0:0 -map -0:a -map -0:s -codec:v:0 avc1 -pix_fmt yuv420p -b:v 7882720 -maxrate 7882720 -bufsize 15765440  -force_key_frames:0 "expr:gte(t,18+n_forced*3)" -g:v:0 90 -keyint_min:v:0 90 -sc_threshold:v:0 0 -vf "scale=trunc(min(max(iw\,ih*dar)\,min(1920\,1080*dar))/2)*2:trunc(min(max(iw/dar\,ih)\,min(1920/dar\,1080))/2)*2" -start_at_zero -vsync -1  -copyts -avoid_negative_ts disabled -max_muxing_queue_size 2048 -f hls -max_delay 5000000 -hls_time 3 -hls_segment_type mpegts -start_number 6 -hls_segment_filename "/config/data/transcodes/aaff979e2784263be039d1f773b0bc3b%d.ts" -hls_playlist_type vod -hls_list_size 0 -y "/config/data/transcodes/aaff979e2784263be039d1f773b0bc3b.m3u8"
[2021-09-08 17:06:47.656 +02:00] [ERR] [28] Jellyfin.Api.Helpers.TranscodingJobHelper: FFmpeg exited with code 1
[2021-09-08 17:06:47.750 +02:00] [WRN] [25] Jellyfin.Api.Controllers.DynamicHlsController: cannot serve "/config/data/transcodes/aaff979e2784263be039d1f773b0bc3b6.ts" as transcoding quit before we got there
[2021-09-08 17:06:47.750 +02:00] [ERR] [25] Jellyfin.Server.Middleware.ExceptionMiddleware: Error processing request: "Could not find file '/config/data/transcodes/aaff979e2784263be039d1f773b0bc3b6.ts'". URL "GET" "/videos/01996b62aa9b9f3fa57f3f35a2954a67/hls1/main/6.ts".
[2021-09-08 17:14:56.873 +02:00] [INF] [2] Main: Received a SIGTERM signal, shutting down
[2021-09-08 17:14:56.876 +02:00] [INF] [2] Emby.Server.Implementations.ApplicationHost: Disposing "CoreAppHost"
[2021-09-08 17:14:56.876 +02:00] [INF] [2] Emby.Server.Implementations.ApplicationHost: Disposing "EmbyTV"
[2021-09-08 17:14:56.877 +02:00] [INF] [2] Emby.Server.Implementations.ApplicationHost: Disposing "EntryPoint"
[2021-09-08 17:14:56.877 +02:00] [INF] [2] Emby.Server.Implementations.ApplicationHost: Disposing "LibraryMonitorStartup"
[2021-09-08 17:14:56.877 +02:00] [INF] [2] Emby.Server.Implementations.ApplicationHost: Disposing "ExternalPortForwarding"
[2021-09-08 17:14:56.878 +02:00] [INF] [2] Emby.Server.Implementations.EntryPoints.ExternalPortForwarding: Stopping NAT discovery
[2021-09-08 17:14:56.882 +02:00] [INF] [2] Emby.Server.Implementations.ApplicationHost: Disposing "LibraryChangedNotifier"
[2021-09-08 17:14:56.884 +02:00] [INF] [2] Emby.Server.Implementations.ApplicationHost: Disposing "RecordingNotifier"
[2021-09-08 17:14:56.885 +02:00] [INF] [2] Emby.Server.Implementations.ApplicationHost: Disposing "UdpServerEntryPoint"
[2021-09-08 17:14:56.886 +02:00] [INF] [2] Emby.Server.Implementations.ApplicationHost: Disposing "UserDataChangeNotifier"
[2021-09-08 17:14:56.887 +02:00] [INF] [2] Emby.Server.Implementations.ApplicationHost: Disposing "DlnaEntryPoint"
[2021-09-08 17:14:56.887 +02:00] [INF] [2] Emby.Dlna.Main.DlnaEntryPoint: Disposing SsdpDevicePublisher
[2021-09-08 17:14:56.991 +02:00] [INF] [2] Emby.Dlna.Main.DlnaEntryPoint: Disposing PlayToManager
[2021-09-08 17:14:56.991 +02:00] [INF] [2] Emby.Dlna.Main.DlnaEntryPoint: Disposing DeviceDiscovery
[2021-09-08 17:14:56.992 +02:00] [INF] [2] Emby.Dlna.Main.DlnaEntryPoint: Disposing SsdpCommunicationsServer
[2021-09-08 17:14:56.992 +02:00] [INF] [2] Emby.Dlna.Main.DlnaEntryPoint: "SsdpCommunicationsServer" disposing _BroadcastListenSocket
[2021-09-08 17:14:56.993 +02:00] [INF] [2] Emby.Dlna.Main.DlnaEntryPoint: "SsdpCommunicationsServer" Disposing 2 sendSockets
[2021-09-08 17:14:56.993 +02:00] [INF] [2] Emby.Dlna.Main.DlnaEntryPoint: "SsdpCommunicationsServer" disposing sendSocket from "0.0.0.0"
[2021-09-08 17:14:56.993 +02:00] [INF] [2] Emby.Dlna.Main.DlnaEntryPoint: "SsdpCommunicationsServer" disposing sendSocket from "172.18.0.2"
[2021-09-08 17:14:56.993 +02:00] [INF] [2] Emby.Server.Implementations.ApplicationHost: Disposing "NotificationEntryPoint"
[2021-09-08 17:14:56.995 +02:00] [INF] [2] Emby.Server.Implementations.ApplicationHost: Disposing "EntryPoint"
[2021-09-08 17:14:56.995 +02:00] [INF] [2] Emby.Server.Implementations.ApplicationHost: Disposing "DeviceAccessEntryPoint"
